{"/Users/prashant.bangar/Work/tools/schema-explorer-vscode/src/config.ts": {"path":"/Users/prashant.bangar/Work/tools/schema-explorer-vscode/src/config.ts","all":false,"statementMap":{"0":{"start":{"line":1,"column":0},"end":{"line":1,"column":33}},"1":{"start":{"line":2,"column":0},"end":{"line":2,"column":0}},"2":{"start":{"line":3,"column":0},"end":{"line":3,"column":47}},"3":{"start":{"line":4,"column":0},"end":{"line":4,"column":0}},"4":{"start":{"line":5,"column":0},"end":{"line":5,"column":44}},"5":{"start":{"line":6,"column":0},"end":{"line":6,"column":85}},"6":{"start":{"line":7,"column":0},"end":{"line":7,"column":1}},"7":{"start":{"line":8,"column":0},"end":{"line":8,"column":0}},"8":{"start":{"line":9,"column":0},"end":{"line":9,"column":45}},"9":{"start":{"line":10,"column":0},"end":{"line":10,"column":86}},"10":{"start":{"line":11,"column":0},"end":{"line":11,"column":1}},"11":{"start":{"line":12,"column":0},"end":{"line":12,"column":0}},"12":{"start":{"line":13,"column":0},"end":{"line":13,"column":31}},"13":{"start":{"line":14,"column":0},"end":{"line":14,"column":35}},"14":{"start":{"line":15,"column":0},"end":{"line":15,"column":22}},"15":{"start":{"line":16,"column":0},"end":{"line":16,"column":22}},"16":{"start":{"line":17,"column":0},"end":{"line":17,"column":63}},"17":{"start":{"line":18,"column":0},"end":{"line":18,"column":53}},"18":{"start":{"line":19,"column":0},"end":{"line":19,"column":17}},"19":{"start":{"line":20,"column":0},"end":{"line":20,"column":5}},"20":{"start":{"line":21,"column":0},"end":{"line":21,"column":5}},"21":{"start":{"line":22,"column":0},"end":{"line":22,"column":1}}},"s":{"0":1,"1":1,"2":1,"3":1,"4":32,"5":32,"6":32,"7":1,"8":9,"9":9,"10":9,"11":1,"12":3,"13":3,"14":3,"15":3,"16":3,"17":1,"18":1,"19":1,"20":3,"21":3},"branchMap":{"0":{"type":"branch","line":5,"loc":{"start":{"line":5,"column":0},"end":{"line":7,"column":1}},"locations":[{"start":{"line":5,"column":0},"end":{"line":7,"column":1}}]},"1":{"type":"branch","line":9,"loc":{"start":{"line":9,"column":0},"end":{"line":11,"column":1}},"locations":[{"start":{"line":9,"column":0},"end":{"line":11,"column":1}}]},"2":{"type":"branch","line":13,"loc":{"start":{"line":13,"column":0},"end":{"line":22,"column":1}},"locations":[{"start":{"line":13,"column":0},"end":{"line":22,"column":1}}]},"3":{"type":"branch","line":17,"loc":{"start":{"line":17,"column":51},"end":{"line":21,"column":3}},"locations":[{"start":{"line":17,"column":51},"end":{"line":21,"column":3}}]}},"b":{"0":[32],"1":[9],"2":[3],"3":[1]},"fnMap":{"0":{"name":"getFollowEditor","decl":{"start":{"line":5,"column":0},"end":{"line":7,"column":1}},"loc":{"start":{"line":5,"column":0},"end":{"line":7,"column":1}},"line":5},"1":{"name":"getShowStatusBar","decl":{"start":{"line":9,"column":0},"end":{"line":11,"column":1}},"loc":{"start":{"line":9,"column":0},"end":{"line":11,"column":1}},"line":9},"2":{"name":"onConfigChange","decl":{"start":{"line":13,"column":0},"end":{"line":22,"column":1}},"loc":{"start":{"line":13,"column":0},"end":{"line":22,"column":1}},"line":13}},"f":{"0":32,"1":9,"2":3}}
,"/Users/prashant.bangar/Work/tools/schema-explorer-vscode/src/extension.ts": {"path":"/Users/prashant.bangar/Work/tools/schema-explorer-vscode/src/extension.ts","all":false,"statementMap":{"0":{"start":{"line":1,"column":0},"end":{"line":1,"column":33}},"1":{"start":{"line":2,"column":0},"end":{"line":2,"column":42}},"2":{"start":{"line":3,"column":0},"end":{"line":3,"column":40}},"3":{"start":{"line":4,"column":0},"end":{"line":4,"column":80}},"4":{"start":{"line":5,"column":0},"end":{"line":5,"column":8}},"5":{"start":{"line":6,"column":0},"end":{"line":6,"column":27}},"6":{"start":{"line":7,"column":0},"end":{"line":7,"column":28}},"7":{"start":{"line":8,"column":0},"end":{"line":8,"column":31}},"8":{"start":{"line":9,"column":0},"end":{"line":9,"column":50}},"9":{"start":{"line":10,"column":0},"end":{"line":10,"column":47}},"10":{"start":{"line":11,"column":0},"end":{"line":11,"column":49}},"11":{"start":{"line":12,"column":0},"end":{"line":12,"column":48}},"12":{"start":{"line":13,"column":0},"end":{"line":13,"column":0}},"13":{"start":{"line":14,"column":0},"end":{"line":14,"column":81}},"14":{"start":{"line":15,"column":0},"end":{"line":15,"column":40}},"15":{"start":{"line":16,"column":0},"end":{"line":16,"column":43}},"16":{"start":{"line":17,"column":0},"end":{"line":17,"column":17}},"17":{"start":{"line":18,"column":0},"end":{"line":18,"column":48}},"18":{"start":{"line":19,"column":0},"end":{"line":19,"column":32}},"19":{"start":{"line":20,"column":0},"end":{"line":20,"column":40}},"20":{"start":{"line":21,"column":0},"end":{"line":21,"column":13}},"21":{"start":{"line":22,"column":0},"end":{"line":22,"column":5}},"22":{"start":{"line":23,"column":0},"end":{"line":23,"column":85}},"23":{"start":{"line":24,"column":0},"end":{"line":24,"column":11}},"24":{"start":{"line":25,"column":0},"end":{"line":25,"column":3}},"25":{"start":{"line":26,"column":0},"end":{"line":26,"column":44}},"26":{"start":{"line":27,"column":0},"end":{"line":27,"column":1}},"27":{"start":{"line":28,"column":0},"end":{"line":28,"column":0}},"28":{"start":{"line":29,"column":0},"end":{"line":29,"column":66}},"29":{"start":{"line":30,"column":0},"end":{"line":30,"column":40}},"30":{"start":{"line":31,"column":0},"end":{"line":31,"column":41}},"31":{"start":{"line":32,"column":0},"end":{"line":32,"column":0}},"32":{"start":{"line":33,"column":0},"end":{"line":33,"column":37}},"33":{"start":{"line":34,"column":0},"end":{"line":34,"column":40}},"34":{"start":{"line":35,"column":0},"end":{"line":35,"column":0}},"35":{"start":{"line":36,"column":0},"end":{"line":36,"column":34}},"36":{"start":{"line":37,"column":0},"end":{"line":37,"column":34}},"37":{"start":{"line":38,"column":0},"end":{"line":38,"column":4}},"38":{"start":{"line":39,"column":0},"end":{"line":39,"column":0}},"39":{"start":{"line":40,"column":0},"end":{"line":40,"column":27}},"40":{"start":{"line":41,"column":0},"end":{"line":41,"column":36}},"41":{"start":{"line":42,"column":0},"end":{"line":42,"column":23}},"42":{"start":{"line":43,"column":0},"end":{"line":43,"column":5}},"43":{"start":{"line":44,"column":0},"end":{"line":44,"column":0}},"44":{"start":{"line":45,"column":0},"end":{"line":45,"column":29}},"45":{"start":{"line":46,"column":0},"end":{"line":46,"column":35}},"46":{"start":{"line":47,"column":0},"end":{"line":47,"column":25}},"47":{"start":{"line":48,"column":0},"end":{"line":48,"column":38}},"48":{"start":{"line":49,"column":0},"end":{"line":49,"column":7}},"49":{"start":{"line":50,"column":0},"end":{"line":50,"column":0}},"50":{"start":{"line":51,"column":0},"end":{"line":51,"column":59}},"51":{"start":{"line":52,"column":0},"end":{"line":52,"column":69}},"52":{"start":{"line":53,"column":0},"end":{"line":53,"column":22}},"53":{"start":{"line":54,"column":0},"end":{"line":54,"column":42}},"54":{"start":{"line":55,"column":0},"end":{"line":55,"column":9}},"55":{"start":{"line":56,"column":0},"end":{"line":56,"column":9}},"56":{"start":{"line":57,"column":0},"end":{"line":57,"column":7}},"57":{"start":{"line":58,"column":0},"end":{"line":58,"column":0}},"58":{"start":{"line":59,"column":0},"end":{"line":59,"column":97}},"59":{"start":{"line":60,"column":0},"end":{"line":60,"column":63}},"60":{"start":{"line":61,"column":0},"end":{"line":61,"column":7}},"61":{"start":{"line":62,"column":0},"end":{"line":62,"column":0}},"62":{"start":{"line":63,"column":0},"end":{"line":63,"column":75}},"63":{"start":{"line":64,"column":0},"end":{"line":64,"column":42}},"64":{"start":{"line":65,"column":0},"end":{"line":65,"column":7}},"65":{"start":{"line":66,"column":0},"end":{"line":66,"column":0}},"66":{"start":{"line":67,"column":0},"end":{"line":67,"column":71}},"67":{"start":{"line":68,"column":0},"end":{"line":68,"column":30}},"68":{"start":{"line":69,"column":0},"end":{"line":69,"column":7}},"69":{"start":{"line":70,"column":0},"end":{"line":70,"column":0}},"70":{"start":{"line":71,"column":0},"end":{"line":71,"column":75}},"71":{"start":{"line":72,"column":0},"end":{"line":72,"column":34}},"72":{"start":{"line":73,"column":0},"end":{"line":73,"column":7}},"73":{"start":{"line":74,"column":0},"end":{"line":74,"column":0}},"74":{"start":{"line":75,"column":0},"end":{"line":75,"column":69}},"75":{"start":{"line":76,"column":0},"end":{"line":76,"column":65}},"76":{"start":{"line":77,"column":0},"end":{"line":77,"column":6}},"77":{"start":{"line":78,"column":0},"end":{"line":78,"column":4}},"78":{"start":{"line":79,"column":0},"end":{"line":79,"column":0}},"79":{"start":{"line":80,"column":0},"end":{"line":80,"column":51}},"80":{"start":{"line":81,"column":0},"end":{"line":81,"column":1}},"81":{"start":{"line":82,"column":0},"end":{"line":82,"column":0}},"82":{"start":{"line":83,"column":0},"end":{"line":83,"column":37}}},"s":{"0":1,"1":1,"2":1,"3":1,"4":1,"5":1,"6":1,"7":1,"8":1,"9":1,"10":1,"11":1,"12":1,"13":5,"14":5,"15":5,"16":5,"17":4,"18":4,"19":0,"20":0,"21":0,"22":4,"23":4,"24":4,"25":1,"26":1,"27":1,"28":2,"29":2,"30":2,"31":2,"32":2,"33":2,"34":2,"35":2,"36":5,"37":2,"38":2,"39":2,"40":2,"41":2,"42":2,"43":2,"44":2,"45":2,"46":0,"47":0,"48":2,"49":2,"50":2,"51":0,"52":0,"53":0,"54":0,"55":0,"56":2,"57":2,"58":2,"59":1,"60":2,"61":2,"62":2,"63":1,"64":2,"65":2,"66":2,"67":1,"68":2,"69":2,"70":2,"71":1,"72":2,"73":2,"74":2,"75":1,"76":2,"77":2,"78":2,"79":2,"80":2,"81":1,"82":1},"branchMap":{"0":{"type":"branch","line":14,"loc":{"start":{"line":14,"column":0},"end":{"line":27,"column":1}},"locations":[{"start":{"line":14,"column":0},"end":{"line":27,"column":1}}]},"1":{"type":"branch","line":17,"loc":{"start":{"line":17,"column":16},"end":{"line":25,"column":3}},"locations":[{"start":{"line":17,"column":16},"end":{"line":25,"column":3}}]},"2":{"type":"branch","line":19,"loc":{"start":{"line":19,"column":31},"end":{"line":22,"column":5}},"locations":[{"start":{"line":19,"column":31},"end":{"line":22,"column":5}}]},"3":{"type":"branch","line":23,"loc":{"start":{"line":23,"column":73},"end":{"line":23,"column":83}},"locations":[{"start":{"line":23,"column":73},"end":{"line":23,"column":83}}]},"4":{"type":"branch","line":26,"loc":{"start":{"line":26,"column":-1},"end":{"line":27,"column":1}},"locations":[{"start":{"line":26,"column":-1},"end":{"line":27,"column":1}}]},"5":{"type":"branch","line":29,"loc":{"start":{"line":29,"column":0},"end":{"line":81,"column":1}},"locations":[{"start":{"line":29,"column":0},"end":{"line":81,"column":1}}]},"6":{"type":"branch","line":36,"loc":{"start":{"line":36,"column":27},"end":{"line":38,"column":3}},"locations":[{"start":{"line":36,"column":27},"end":{"line":38,"column":3}}]},"7":{"type":"branch","line":40,"loc":{"start":{"line":40,"column":20},"end":{"line":43,"column":3}},"locations":[{"start":{"line":40,"column":20},"end":{"line":43,"column":3}}]},"8":{"type":"branch","line":59,"loc":{"start":{"line":59,"column":59},"end":{"line":61,"column":5}},"locations":[{"start":{"line":59,"column":59},"end":{"line":61,"column":5}}]},"9":{"type":"branch","line":63,"loc":{"start":{"line":63,"column":68},"end":{"line":65,"column":5}},"locations":[{"start":{"line":63,"column":68},"end":{"line":65,"column":5}}]},"10":{"type":"branch","line":67,"loc":{"start":{"line":67,"column":64},"end":{"line":69,"column":5}},"locations":[{"start":{"line":67,"column":64},"end":{"line":69,"column":5}}]},"11":{"type":"branch","line":71,"loc":{"start":{"line":71,"column":68},"end":{"line":73,"column":5}},"locations":[{"start":{"line":71,"column":68},"end":{"line":73,"column":5}}]},"12":{"type":"branch","line":75,"loc":{"start":{"line":75,"column":62},"end":{"line":77,"column":5}},"locations":[{"start":{"line":75,"column":62},"end":{"line":77,"column":5}}]},"13":{"type":"branch","line":83,"loc":{"start":{"line":83,"column":0},"end":{"line":83,"column":37}},"locations":[{"start":{"line":83,"column":0},"end":{"line":83,"column":37}}]}},"b":{"0":[5],"1":[4],"2":[0],"3":[0],"4":[1],"5":[2],"6":[5],"7":[2],"8":[1],"9":[1],"10":[1],"11":[1],"12":[1],"13":[1]},"fnMap":{"0":{"name":"updateStatusBar","decl":{"start":{"line":14,"column":0},"end":{"line":27,"column":1}},"loc":{"start":{"line":14,"column":0},"end":{"line":27,"column":1}},"line":14},"1":{"name":"activate","decl":{"start":{"line":29,"column":0},"end":{"line":81,"column":1}},"loc":{"start":{"line":29,"column":0},"end":{"line":81,"column":1}},"line":29},"2":{"name":"refreshStatusBar","decl":{"start":{"line":36,"column":27},"end":{"line":38,"column":3}},"loc":{"start":{"line":36,"column":27},"end":{"line":38,"column":3}},"line":36},"3":{"name":"deactivate","decl":{"start":{"line":83,"column":0},"end":{"line":83,"column":37}},"loc":{"start":{"line":83,"column":0},"end":{"line":83,"column":37}},"line":83}},"f":{"0":5,"1":2,"2":5,"3":1}}
,"/Users/prashant.bangar/Work/tools/schema-explorer-vscode/src/findTable.ts": {"path":"/Users/prashant.bangar/Work/tools/schema-explorer-vscode/src/findTable.ts","all":false,"statementMap":{"0":{"start":{"line":1,"column":0},"end":{"line":1,"column":33}},"1":{"start":{"line":2,"column":0},"end":{"line":2,"column":47}},"2":{"start":{"line":3,"column":0},"end":{"line":3,"column":47}},"3":{"start":{"line":4,"column":0},"end":{"line":4,"column":53}},"4":{"start":{"line":5,"column":0},"end":{"line":5,"column":60}},"5":{"start":{"line":6,"column":0},"end":{"line":6,"column":0}},"6":{"start":{"line":7,"column":0},"end":{"line":7,"column":82}},"7":{"start":{"line":8,"column":0},"end":{"line":8,"column":48}},"8":{"start":{"line":9,"column":0},"end":{"line":9,"column":59}},"9":{"start":{"line":10,"column":0},"end":{"line":10,"column":15}},"10":{"start":{"line":11,"column":0},"end":{"line":11,"column":11}},"11":{"start":{"line":12,"column":0},"end":{"line":12,"column":3}},"12":{"start":{"line":13,"column":0},"end":{"line":13,"column":0}},"13":{"start":{"line":14,"column":0},"end":{"line":14,"column":40}},"14":{"start":{"line":15,"column":0},"end":{"line":15,"column":36}},"15":{"start":{"line":16,"column":0},"end":{"line":16,"column":43}},"16":{"start":{"line":17,"column":0},"end":{"line":17,"column":28}},"17":{"start":{"line":18,"column":0},"end":{"line":18,"column":11}},"18":{"start":{"line":19,"column":0},"end":{"line":19,"column":3}},"19":{"start":{"line":20,"column":0},"end":{"line":20,"column":0}},"20":{"start":{"line":21,"column":0},"end":{"line":21,"column":44}},"21":{"start":{"line":22,"column":0},"end":{"line":22,"column":44}},"22":{"start":{"line":23,"column":0},"end":{"line":23,"column":43}},"23":{"start":{"line":24,"column":0},"end":{"line":24,"column":12}},"24":{"start":{"line":25,"column":0},"end":{"line":25,"column":18}},"25":{"start":{"line":26,"column":0},"end":{"line":26,"column":53}},"26":{"start":{"line":27,"column":0},"end":{"line":27,"column":113}},"27":{"start":{"line":28,"column":0},"end":{"line":28,"column":6}},"28":{"start":{"line":29,"column":0},"end":{"line":29,"column":5}},"29":{"start":{"line":30,"column":0},"end":{"line":30,"column":0}},"30":{"start":{"line":31,"column":0},"end":{"line":31,"column":59}},"31":{"start":{"line":32,"column":0},"end":{"line":32,"column":49}},"32":{"start":{"line":33,"column":0},"end":{"line":33,"column":29}},"33":{"start":{"line":34,"column":0},"end":{"line":34,"column":24}},"34":{"start":{"line":35,"column":0},"end":{"line":35,"column":5}},"35":{"start":{"line":36,"column":0},"end":{"line":36,"column":0}},"36":{"start":{"line":37,"column":0},"end":{"line":37,"column":16}},"37":{"start":{"line":38,"column":0},"end":{"line":38,"column":11}},"38":{"start":{"line":39,"column":0},"end":{"line":39,"column":3}},"39":{"start":{"line":40,"column":0},"end":{"line":40,"column":0}},"40":{"start":{"line":41,"column":0},"end":{"line":41,"column":67}},"41":{"start":{"line":42,"column":0},"end":{"line":42,"column":24}},"42":{"start":{"line":43,"column":0},"end":{"line":43,"column":5}},"43":{"start":{"line":44,"column":0},"end":{"line":44,"column":1}}},"s":{"0":1,"1":1,"2":1,"3":1,"4":1,"5":1,"6":1,"7":4,"8":4,"9":4,"10":1,"11":1,"12":3,"13":3,"14":3,"15":3,"16":4,"17":0,"18":0,"19":3,"20":3,"21":3,"22":3,"23":3,"24":3,"25":3,"26":3,"27":3,"28":3,"29":3,"30":3,"31":3,"32":3,"33":3,"34":3,"35":3,"36":3,"37":2,"38":2,"39":1,"40":1,"41":1,"42":1,"43":1},"branchMap":{"0":{"type":"branch","line":7,"loc":{"start":{"line":7,"column":7},"end":{"line":44,"column":1}},"locations":[{"start":{"line":7,"column":7},"end":{"line":44,"column":1}}]},"1":{"type":"branch","line":10,"loc":{"start":{"line":10,"column":14},"end":{"line":12,"column":3}},"locations":[{"start":{"line":10,"column":14},"end":{"line":12,"column":3}}]},"2":{"type":"branch","line":13,"loc":{"start":{"line":13,"column":-1},"end":{"line":17,"column":25}},"locations":[{"start":{"line":13,"column":-1},"end":{"line":17,"column":25}}]},"3":{"type":"branch","line":17,"loc":{"start":{"line":17,"column":27},"end":{"line":19,"column":3}},"locations":[{"start":{"line":17,"column":27},"end":{"line":19,"column":3}}]},"4":{"type":"branch","line":20,"loc":{"start":{"line":20,"column":-1},"end":{"line":39,"column":3}},"locations":[{"start":{"line":20,"column":-1},"end":{"line":39,"column":3}}]},"5":{"type":"branch","line":37,"loc":{"start":{"line":37,"column":15},"end":{"line":39,"column":3}},"locations":[{"start":{"line":37,"column":15},"end":{"line":39,"column":3}}]},"6":{"type":"branch","line":40,"loc":{"start":{"line":40,"column":-1},"end":{"line":44,"column":1}},"locations":[{"start":{"line":40,"column":-1},"end":{"line":44,"column":1}}]},"7":{"type":"branch","line":22,"loc":{"start":{"line":22,"column":33},"end":{"line":29,"column":3}},"locations":[{"start":{"line":22,"column":33},"end":{"line":29,"column":3}}]}},"b":{"0":[4],"1":[1],"2":[3],"3":[0],"4":[3],"5":[2],"6":[1],"7":[3]},"fnMap":{"0":{"name":"findTable","decl":{"start":{"line":7,"column":7},"end":{"line":44,"column":1}},"loc":{"start":{"line":7,"column":7},"end":{"line":44,"column":1}},"line":7}},"f":{"0":4}}
,"/Users/prashant.bangar/Work/tools/schema-explorer-vscode/src/modelIndex.ts": {"path":"/Users/prashant.bangar/Work/tools/schema-explorer-vscode/src/modelIndex.ts","all":false,"statementMap":{"0":{"start":{"line":1,"column":0},"end":{"line":1,"column":33}},"1":{"start":{"line":2,"column":0},"end":{"line":2,"column":59}},"2":{"start":{"line":3,"column":0},"end":{"line":3,"column":0}},"3":{"start":{"line":4,"column":0},"end":{"line":4,"column":28}},"4":{"start":{"line":5,"column":0},"end":{"line":5,"column":16}},"5":{"start":{"line":6,"column":0},"end":{"line":6,"column":16}},"6":{"start":{"line":7,"column":0},"end":{"line":7,"column":1}},"7":{"start":{"line":8,"column":0},"end":{"line":8,"column":0}},"8":{"start":{"line":9,"column":0},"end":{"line":9,"column":34}},"9":{"start":{"line":10,"column":0},"end":{"line":10,"column":17}},"10":{"start":{"line":11,"column":0},"end":{"line":11,"column":15}},"11":{"start":{"line":12,"column":0},"end":{"line":12,"column":22}},"12":{"start":{"line":13,"column":0},"end":{"line":13,"column":1}},"13":{"start":{"line":14,"column":0},"end":{"line":14,"column":0}},"14":{"start":{"line":15,"column":0},"end":{"line":15,"column":34}},"15":{"start":{"line":16,"column":0},"end":{"line":16,"column":20}},"16":{"start":{"line":17,"column":0},"end":{"line":17,"column":20}},"17":{"start":{"line":18,"column":0},"end":{"line":18,"column":20}},"18":{"start":{"line":19,"column":0},"end":{"line":19,"column":29}},"19":{"start":{"line":20,"column":0},"end":{"line":20,"column":1}},"20":{"start":{"line":21,"column":0},"end":{"line":21,"column":0}},"21":{"start":{"line":22,"column":0},"end":{"line":22,"column":29}},"22":{"start":{"line":23,"column":0},"end":{"line":23,"column":0}},"23":{"start":{"line":24,"column":0},"end":{"line":24,"column":63}},"24":{"start":{"line":25,"column":0},"end":{"line":25,"column":27}},"25":{"start":{"line":26,"column":0},"end":{"line":26,"column":16}},"26":{"start":{"line":27,"column":0},"end":{"line":27,"column":15}},"27":{"start":{"line":28,"column":0},"end":{"line":28,"column":39}},"28":{"start":{"line":29,"column":0},"end":{"line":29,"column":38}},"29":{"start":{"line":30,"column":0},"end":{"line":30,"column":20}},"30":{"start":{"line":31,"column":0},"end":{"line":31,"column":18}},"31":{"start":{"line":32,"column":0},"end":{"line":32,"column":16}},"32":{"start":{"line":33,"column":0},"end":{"line":33,"column":48}},"33":{"start":{"line":34,"column":0},"end":{"line":34,"column":23}},"34":{"start":{"line":35,"column":0},"end":{"line":35,"column":7}},"35":{"start":{"line":36,"column":0},"end":{"line":36,"column":15}},"36":{"start":{"line":37,"column":0},"end":{"line":37,"column":5}},"37":{"start":{"line":38,"column":0},"end":{"line":38,"column":35}},"38":{"start":{"line":39,"column":0},"end":{"line":39,"column":19}},"39":{"start":{"line":40,"column":0},"end":{"line":40,"column":16}},"40":{"start":{"line":41,"column":0},"end":{"line":41,"column":15}},"41":{"start":{"line":42,"column":0},"end":{"line":42,"column":5}},"42":{"start":{"line":43,"column":0},"end":{"line":43,"column":21}},"43":{"start":{"line":44,"column":0},"end":{"line":44,"column":14}},"44":{"start":{"line":45,"column":0},"end":{"line":45,"column":28}},"45":{"start":{"line":46,"column":0},"end":{"line":46,"column":14}},"46":{"start":{"line":47,"column":0},"end":{"line":47,"column":5}},"47":{"start":{"line":48,"column":0},"end":{"line":48,"column":36}},"48":{"start":{"line":49,"column":0},"end":{"line":49,"column":27}},"49":{"start":{"line":50,"column":0},"end":{"line":50,"column":15}},"50":{"start":{"line":51,"column":0},"end":{"line":51,"column":15}},"51":{"start":{"line":52,"column":0},"end":{"line":52,"column":5}},"52":{"start":{"line":53,"column":0},"end":{"line":53,"column":14}},"53":{"start":{"line":54,"column":0},"end":{"line":54,"column":3}},"54":{"start":{"line":55,"column":0},"end":{"line":55,"column":19}},"55":{"start":{"line":56,"column":0},"end":{"line":56,"column":25}},"56":{"start":{"line":57,"column":0},"end":{"line":57,"column":3}},"57":{"start":{"line":58,"column":0},"end":{"line":58,"column":13}},"58":{"start":{"line":59,"column":0},"end":{"line":59,"column":1}},"59":{"start":{"line":60,"column":0},"end":{"line":60,"column":0}},"60":{"start":{"line":61,"column":0},"end":{"line":61,"column":48}},"61":{"start":{"line":62,"column":0},"end":{"line":62,"column":31}},"62":{"start":{"line":63,"column":0},"end":{"line":63,"column":6}},"63":{"start":{"line":64,"column":0},"end":{"line":64,"column":57}},"64":{"start":{"line":65,"column":0},"end":{"line":65,"column":54}},"65":{"start":{"line":66,"column":0},"end":{"line":66,"column":5}},"66":{"start":{"line":67,"column":0},"end":{"line":67,"column":32}},"67":{"start":{"line":68,"column":0},"end":{"line":68,"column":3}},"68":{"start":{"line":69,"column":0},"end":{"line":69,"column":32}},"69":{"start":{"line":70,"column":0},"end":{"line":70,"column":28}},"70":{"start":{"line":71,"column":0},"end":{"line":71,"column":3}},"71":{"start":{"line":72,"column":0},"end":{"line":72,"column":17}},"72":{"start":{"line":73,"column":0},"end":{"line":73,"column":1}},"73":{"start":{"line":74,"column":0},"end":{"line":74,"column":0}},"74":{"start":{"line":75,"column":0},"end":{"line":75,"column":55}},"75":{"start":{"line":76,"column":0},"end":{"line":76,"column":33}},"76":{"start":{"line":77,"column":0},"end":{"line":77,"column":61}},"77":{"start":{"line":78,"column":0},"end":{"line":78,"column":32}},"78":{"start":{"line":79,"column":0},"end":{"line":79,"column":70}},"79":{"start":{"line":80,"column":0},"end":{"line":80,"column":21}},"80":{"start":{"line":81,"column":0},"end":{"line":81,"column":19}},"81":{"start":{"line":82,"column":0},"end":{"line":82,"column":45}},"82":{"start":{"line":83,"column":0},"end":{"line":83,"column":45}},"83":{"start":{"line":84,"column":0},"end":{"line":84,"column":9}},"84":{"start":{"line":85,"column":0},"end":{"line":85,"column":15}},"85":{"start":{"line":86,"column":0},"end":{"line":86,"column":5}},"86":{"start":{"line":87,"column":0},"end":{"line":87,"column":59}},"87":{"start":{"line":88,"column":0},"end":{"line":88,"column":16}},"88":{"start":{"line":89,"column":0},"end":{"line":89,"column":19}},"89":{"start":{"line":90,"column":0},"end":{"line":90,"column":40}},"90":{"start":{"line":91,"column":0},"end":{"line":91,"column":40}},"91":{"start":{"line":92,"column":0},"end":{"line":92,"column":9}},"92":{"start":{"line":93,"column":0},"end":{"line":93,"column":5}},"93":{"start":{"line":94,"column":0},"end":{"line":94,"column":3}},"94":{"start":{"line":95,"column":0},"end":{"line":95,"column":16}},"95":{"start":{"line":96,"column":0},"end":{"line":96,"column":1}},"96":{"start":{"line":97,"column":0},"end":{"line":97,"column":0}},"97":{"start":{"line":98,"column":0},"end":{"line":98,"column":56}},"98":{"start":{"line":99,"column":0},"end":{"line":99,"column":21}},"99":{"start":{"line":100,"column":0},"end":{"line":100,"column":15}},"100":{"start":{"line":101,"column":0},"end":{"line":101,"column":40}},"101":{"start":{"line":102,"column":0},"end":{"line":102,"column":21}},"102":{"start":{"line":103,"column":0},"end":{"line":103,"column":73}},"103":{"start":{"line":104,"column":0},"end":{"line":104,"column":1}},"104":{"start":{"line":105,"column":0},"end":{"line":105,"column":0}},"105":{"start":{"line":106,"column":0},"end":{"line":106,"column":74}},"106":{"start":{"line":107,"column":0},"end":{"line":107,"column":40}},"107":{"start":{"line":108,"column":0},"end":{"line":108,"column":33}},"108":{"start":{"line":109,"column":0},"end":{"line":109,"column":0}},"109":{"start":{"line":110,"column":0},"end":{"line":110,"column":59}},"110":{"start":{"line":111,"column":0},"end":{"line":111,"column":61}},"111":{"start":{"line":112,"column":0},"end":{"line":112,"column":13}},"112":{"start":{"line":113,"column":0},"end":{"line":113,"column":5}},"113":{"start":{"line":114,"column":0},"end":{"line":114,"column":21}},"114":{"start":{"line":115,"column":0},"end":{"line":115,"column":51}},"115":{"start":{"line":116,"column":0},"end":{"line":116,"column":3}},"116":{"start":{"line":117,"column":0},"end":{"line":117,"column":0}},"117":{"start":{"line":118,"column":0},"end":{"line":118,"column":80}},"118":{"start":{"line":119,"column":0},"end":{"line":119,"column":39}},"119":{"start":{"line":120,"column":0},"end":{"line":120,"column":3}},"120":{"start":{"line":121,"column":0},"end":{"line":121,"column":0}},"121":{"start":{"line":122,"column":0},"end":{"line":122,"column":75}},"122":{"start":{"line":123,"column":0},"end":{"line":123,"column":39}},"123":{"start":{"line":124,"column":0},"end":{"line":124,"column":3}},"124":{"start":{"line":125,"column":0},"end":{"line":125,"column":0}},"125":{"start":{"line":126,"column":0},"end":{"line":126,"column":81}},"126":{"start":{"line":127,"column":0},"end":{"line":127,"column":40}},"127":{"start":{"line":128,"column":0},"end":{"line":128,"column":3}},"128":{"start":{"line":129,"column":0},"end":{"line":129,"column":0}},"129":{"start":{"line":130,"column":0},"end":{"line":130,"column":84}},"130":{"start":{"line":131,"column":0},"end":{"line":131,"column":40}},"131":{"start":{"line":132,"column":0},"end":{"line":132,"column":3}},"132":{"start":{"line":133,"column":0},"end":{"line":133,"column":0}},"133":{"start":{"line":134,"column":0},"end":{"line":134,"column":17}},"134":{"start":{"line":135,"column":0},"end":{"line":135,"column":1}},"135":{"start":{"line":136,"column":0},"end":{"line":136,"column":0}},"136":{"start":{"line":137,"column":0},"end":{"line":137,"column":47}},"137":{"start":{"line":138,"column":0},"end":{"line":138,"column":21}},"138":{"start":{"line":139,"column":0},"end":{"line":139,"column":42}},"139":{"start":{"line":140,"column":0},"end":{"line":140,"column":47}},"140":{"start":{"line":141,"column":0},"end":{"line":141,"column":76}},"141":{"start":{"line":142,"column":0},"end":{"line":142,"column":49}},"142":{"start":{"line":143,"column":0},"end":{"line":143,"column":12}},"143":{"start":{"line":144,"column":0},"end":{"line":144,"column":35}},"144":{"start":{"line":145,"column":0},"end":{"line":145,"column":20}},"145":{"start":{"line":146,"column":0},"end":{"line":146,"column":4}},"146":{"start":{"line":147,"column":0},"end":{"line":147,"column":0}},"147":{"start":{"line":148,"column":0},"end":{"line":148,"column":53}},"148":{"start":{"line":149,"column":0},"end":{"line":149,"column":0}},"149":{"start":{"line":150,"column":0},"end":{"line":150,"column":28}},"150":{"start":{"line":151,"column":0},"end":{"line":151,"column":64}},"151":{"start":{"line":152,"column":0},"end":{"line":152,"column":15}},"152":{"start":{"line":153,"column":0},"end":{"line":153,"column":5}},"153":{"start":{"line":154,"column":0},"end":{"line":154,"column":33}},"154":{"start":{"line":155,"column":0},"end":{"line":155,"column":9}},"155":{"start":{"line":156,"column":0},"end":{"line":156,"column":57}},"156":{"start":{"line":157,"column":0},"end":{"line":157,"column":13}},"157":{"start":{"line":158,"column":0},"end":{"line":158,"column":15}},"158":{"start":{"line":159,"column":0},"end":{"line":159,"column":5}},"159":{"start":{"line":160,"column":0},"end":{"line":160,"column":0}},"160":{"start":{"line":161,"column":0},"end":{"line":161,"column":48}},"161":{"start":{"line":162,"column":0},"end":{"line":162,"column":17}},"162":{"start":{"line":163,"column":0},"end":{"line":163,"column":15}},"163":{"start":{"line":164,"column":0},"end":{"line":164,"column":5}},"164":{"start":{"line":165,"column":0},"end":{"line":165,"column":0}},"165":{"start":{"line":166,"column":0},"end":{"line":166,"column":59}},"166":{"start":{"line":167,"column":0},"end":{"line":167,"column":50}},"167":{"start":{"line":168,"column":0},"end":{"line":168,"column":19}},"168":{"start":{"line":169,"column":0},"end":{"line":169,"column":31}},"169":{"start":{"line":170,"column":0},"end":{"line":170,"column":35}},"170":{"start":{"line":171,"column":0},"end":{"line":171,"column":7}},"171":{"start":{"line":172,"column":0},"end":{"line":172,"column":15}},"172":{"start":{"line":173,"column":0},"end":{"line":173,"column":5}},"173":{"start":{"line":174,"column":0},"end":{"line":174,"column":0}},"174":{"start":{"line":175,"column":0},"end":{"line":175,"column":34}},"175":{"start":{"line":176,"column":0},"end":{"line":176,"column":33}},"176":{"start":{"line":177,"column":0},"end":{"line":177,"column":33}},"177":{"start":{"line":178,"column":0},"end":{"line":178,"column":32}},"178":{"start":{"line":179,"column":0},"end":{"line":179,"column":14}},"179":{"start":{"line":180,"column":0},"end":{"line":180,"column":7}},"180":{"start":{"line":181,"column":0},"end":{"line":181,"column":3}},"181":{"start":{"line":182,"column":0},"end":{"line":182,"column":0}},"182":{"start":{"line":183,"column":0},"end":{"line":183,"column":17}},"183":{"start":{"line":184,"column":0},"end":{"line":184,"column":1}}},"s":{"0":1,"1":1,"2":1,"3":1,"4":1,"5":1,"6":1,"7":1,"8":1,"9":1,"10":1,"11":1,"12":1,"13":1,"14":1,"15":1,"16":1,"17":1,"18":1,"19":1,"20":1,"21":1,"22":1,"23":16,"24":16,"25":16,"26":16,"27":16,"28":16,"29":379,"30":379,"31":0,"32":0,"33":0,"34":0,"35":0,"36":0,"37":379,"38":0,"39":0,"40":0,"41":0,"42":379,"43":0,"44":379,"45":0,"46":0,"47":379,"48":16,"49":16,"50":16,"51":16,"52":363,"53":363,"54":16,"55":16,"56":16,"57":16,"58":16,"59":1,"60":67,"61":67,"62":67,"63":67,"64":67,"65":67,"66":0,"67":0,"68":67,"69":2,"70":2,"71":65,"72":65,"73":1,"74":16,"75":16,"76":16,"77":32,"78":32,"79":32,"80":0,"81":0,"82":0,"83":0,"84":0,"85":0,"86":32,"87":32,"88":32,"89":32,"90":32,"91":32,"92":32,"93":32,"94":16,"95":16,"96":1,"97":2,"98":2,"99":2,"100":2,"101":2,"102":2,"103":2,"104":1,"105":17,"106":17,"107":17,"108":17,"109":17,"110":18,"111":0,"112":0,"113":18,"114":18,"115":18,"116":17,"117":17,"118":15,"119":15,"120":17,"121":17,"122":1,"123":1,"124":17,"125":17,"126":1,"127":1,"128":17,"129":17,"130":1,"131":1,"132":17,"133":17,"134":17,"135":1,"136":1,"137":21,"138":21,"139":21,"140":21,"141":21,"142":21,"143":21,"144":21,"145":21,"146":21,"147":21,"148":21,"149":21,"150":19,"151":1,"152":1,"153":18,"154":18,"155":18,"156":19,"157":2,"158":2,"159":16,"160":16,"161":19,"162":0,"163":0,"164":16,"165":16,"166":16,"167":19,"168":1,"169":0,"170":0,"171":1,"172":1,"173":15,"174":15,"175":15,"176":15,"177":15,"178":15,"179":15,"180":15,"181":21,"182":21,"183":21},"branchMap":{"0":{"type":"branch","line":24,"loc":{"start":{"line":24,"column":0},"end":{"line":59,"column":1}},"locations":[{"start":{"line":24,"column":0},"end":{"line":59,"column":1}}]},"1":{"type":"branch","line":29,"loc":{"start":{"line":29,"column":37},"end":{"line":54,"column":3}},"locations":[{"start":{"line":29,"column":37},"end":{"line":54,"column":3}}]},"2":{"type":"branch","line":31,"loc":{"start":{"line":31,"column":17},"end":{"line":37,"column":5}},"locations":[{"start":{"line":31,"column":17},"end":{"line":37,"column":5}}]},"3":{"type":"branch","line":38,"loc":{"start":{"line":38,"column":34},"end":{"line":42,"column":5}},"locations":[{"start":{"line":38,"column":34},"end":{"line":42,"column":5}}]},"4":{"type":"branch","line":43,"loc":{"start":{"line":43,"column":20},"end":{"line":45,"column":5}},"locations":[{"start":{"line":43,"column":20},"end":{"line":45,"column":5}}]},"5":{"type":"branch","line":45,"loc":{"start":{"line":45,"column":27},"end":{"line":47,"column":5}},"locations":[{"start":{"line":45,"column":27},"end":{"line":47,"column":5}}]},"6":{"type":"branch","line":48,"loc":{"start":{"line":48,"column":18},"end":{"line":48,"column":33}},"locations":[{"start":{"line":48,"column":18},"end":{"line":48,"column":33}}]},"7":{"type":"branch","line":48,"loc":{"start":{"line":48,"column":35},"end":{"line":52,"column":5}},"locations":[{"start":{"line":48,"column":35},"end":{"line":52,"column":5}}]},"8":{"type":"branch","line":53,"loc":{"start":{"line":53,"column":-1},"end":{"line":54,"column":3}},"locations":[{"start":{"line":53,"column":-1},"end":{"line":54,"column":3}}]},"9":{"type":"branch","line":61,"loc":{"start":{"line":61,"column":0},"end":{"line":73,"column":1}},"locations":[{"start":{"line":61,"column":0},"end":{"line":73,"column":1}}]},"10":{"type":"branch","line":64,"loc":{"start":{"line":64,"column":28},"end":{"line":64,"column":53}},"locations":[{"start":{"line":64,"column":28},"end":{"line":64,"column":53}}]},"11":{"type":"branch","line":65,"loc":{"start":{"line":65,"column":28},"end":{"line":65,"column":53}},"locations":[{"start":{"line":65,"column":28},"end":{"line":65,"column":53}}]},"12":{"type":"branch","line":66,"loc":{"start":{"line":66,"column":4},"end":{"line":68,"column":3}},"locations":[{"start":{"line":66,"column":4},"end":{"line":68,"column":3}}]},"13":{"type":"branch","line":69,"loc":{"start":{"line":69,"column":31},"end":{"line":71,"column":3}},"locations":[{"start":{"line":69,"column":31},"end":{"line":71,"column":3}}]},"14":{"type":"branch","line":72,"loc":{"start":{"line":72,"column":-1},"end":{"line":73,"column":1}},"locations":[{"start":{"line":72,"column":-1},"end":{"line":73,"column":1}}]},"15":{"type":"branch","line":75,"loc":{"start":{"line":75,"column":0},"end":{"line":96,"column":1}},"locations":[{"start":{"line":75,"column":0},"end":{"line":96,"column":1}}]},"16":{"type":"branch","line":77,"loc":{"start":{"line":77,"column":60},"end":{"line":94,"column":3}},"locations":[{"start":{"line":77,"column":60},"end":{"line":94,"column":3}}]},"17":{"type":"branch","line":80,"loc":{"start":{"line":80,"column":20},"end":{"line":86,"column":5}},"locations":[{"start":{"line":80,"column":20},"end":{"line":86,"column":5}}]},"18":{"type":"branch","line":98,"loc":{"start":{"line":98,"column":0},"end":{"line":104,"column":1}},"locations":[{"start":{"line":98,"column":0},"end":{"line":104,"column":1}}]},"19":{"type":"branch","line":101,"loc":{"start":{"line":101,"column":9},"end":{"line":101,"column":39}},"locations":[{"start":{"line":101,"column":9},"end":{"line":101,"column":39}}]},"20":{"type":"branch","line":103,"loc":{"start":{"line":103,"column":20},"end":{"line":103,"column":71}},"locations":[{"start":{"line":103,"column":20},"end":{"line":103,"column":71}}]},"21":{"type":"branch","line":106,"loc":{"start":{"line":106,"column":0},"end":{"line":135,"column":1}},"locations":[{"start":{"line":106,"column":0},"end":{"line":135,"column":1}}]},"22":{"type":"branch","line":118,"loc":{"start":{"line":118,"column":79},"end":{"line":120,"column":3}},"locations":[{"start":{"line":118,"column":79},"end":{"line":120,"column":3}}]},"23":{"type":"branch","line":122,"loc":{"start":{"line":122,"column":74},"end":{"line":124,"column":3}},"locations":[{"start":{"line":122,"column":74},"end":{"line":124,"column":3}}]},"24":{"type":"branch","line":126,"loc":{"start":{"line":126,"column":80},"end":{"line":128,"column":3}},"locations":[{"start":{"line":126,"column":80},"end":{"line":128,"column":3}}]},"25":{"type":"branch","line":130,"loc":{"start":{"line":130,"column":83},"end":{"line":132,"column":3}},"locations":[{"start":{"line":130,"column":83},"end":{"line":132,"column":3}}]},"26":{"type":"branch","line":110,"loc":{"start":{"line":110,"column":2},"end":{"line":116,"column":3}},"locations":[{"start":{"line":110,"column":2},"end":{"line":116,"column":3}}]},"27":{"type":"branch","line":111,"loc":{"start":{"line":111,"column":60},"end":{"line":113,"column":5}},"locations":[{"start":{"line":111,"column":60},"end":{"line":113,"column":5}}]},"28":{"type":"branch","line":137,"loc":{"start":{"line":137,"column":7},"end":{"line":184,"column":1}},"locations":[{"start":{"line":137,"column":7},"end":{"line":184,"column":1}}]},"29":{"type":"branch","line":150,"loc":{"start":{"line":150,"column":27},"end":{"line":181,"column":3}},"locations":[{"start":{"line":150,"column":27},"end":{"line":181,"column":3}}]},"30":{"type":"branch","line":151,"loc":{"start":{"line":151,"column":63},"end":{"line":153,"column":5}},"locations":[{"start":{"line":151,"column":63},"end":{"line":153,"column":5}}]},"31":{"type":"branch","line":154,"loc":{"start":{"line":154,"column":-1},"end":{"line":157,"column":12}},"locations":[{"start":{"line":154,"column":-1},"end":{"line":157,"column":12}}]},"32":{"type":"branch","line":157,"loc":{"start":{"line":157,"column":-1},"end":{"line":157,"column":12}},"locations":[{"start":{"line":157,"column":-1},"end":{"line":157,"column":12}}]},"33":{"type":"branch","line":157,"loc":{"start":{"line":157,"column":6},"end":{"line":159,"column":5}},"locations":[{"start":{"line":157,"column":6},"end":{"line":159,"column":5}}]},"34":{"type":"branch","line":160,"loc":{"start":{"line":160,"column":-1},"end":{"line":162,"column":16}},"locations":[{"start":{"line":160,"column":-1},"end":{"line":162,"column":16}}]},"35":{"type":"branch","line":162,"loc":{"start":{"line":162,"column":16},"end":{"line":164,"column":5}},"locations":[{"start":{"line":162,"column":16},"end":{"line":164,"column":5}}]},"36":{"type":"branch","line":165,"loc":{"start":{"line":165,"column":-1},"end":{"line":168,"column":18}},"locations":[{"start":{"line":165,"column":-1},"end":{"line":168,"column":18}}]},"37":{"type":"branch","line":168,"loc":{"start":{"line":168,"column":18},"end":{"line":173,"column":5}},"locations":[{"start":{"line":168,"column":18},"end":{"line":173,"column":5}}]},"38":{"type":"branch","line":169,"loc":{"start":{"line":169,"column":30},"end":{"line":171,"column":7}},"locations":[{"start":{"line":169,"column":30},"end":{"line":171,"column":7}}]},"39":{"type":"branch","line":174,"loc":{"start":{"line":174,"column":-1},"end":{"line":181,"column":3}},"locations":[{"start":{"line":174,"column":-1},"end":{"line":181,"column":3}}]}},"b":{"0":[16],"1":[379],"2":[0],"3":[0],"4":[0],"5":[0],"6":[16],"7":[16],"8":[363],"9":[67],"10":[0],"11":[0],"12":[0],"13":[2],"14":[65],"15":[16],"16":[32],"17":[0],"18":[2],"19":[3],"20":[3],"21":[17],"22":[15],"23":[1],"24":[1],"25":[1],"26":[18],"27":[0],"28":[21],"29":[19],"30":[1],"31":[18],"32":[16],"33":[2],"34":[16],"35":[0],"36":[16],"37":[1],"38":[0],"39":[15]},"fnMap":{"0":{"name":"splitTopLevelCommaOutsideParens","decl":{"start":{"line":24,"column":0},"end":{"line":59,"column":1}},"loc":{"start":{"line":24,"column":0},"end":{"line":59,"column":1}},"line":24},"1":{"name":"stripRubyToken","decl":{"start":{"line":61,"column":0},"end":{"line":73,"column":1}},"loc":{"start":{"line":61,"column":0},"end":{"line":73,"column":1}},"line":61},"2":{"name":"parseEnumHashBody","decl":{"start":{"line":75,"column":0},"end":{"line":96,"column":1}},"loc":{"start":{"line":75,"column":0},"end":{"line":96,"column":1}},"line":75},"3":{"name":"parseEnumArrayBody","decl":{"start":{"line":98,"column":0},"end":{"line":104,"column":1}},"loc":{"start":{"line":98,"column":0},"end":{"line":104,"column":1}},"line":98},"4":{"name":"parseEnumsFromModelText","decl":{"start":{"line":106,"column":0},"end":{"line":135,"column":1}},"loc":{"start":{"line":106,"column":0},"end":{"line":135,"column":1}},"line":106},"5":{"name":"add","decl":{"start":{"line":110,"column":2},"end":{"line":116,"column":3}},"loc":{"start":{"line":110,"column":2},"end":{"line":116,"column":3}},"line":110},"6":{"name":"scanModelEnumsForProject","decl":{"start":{"line":137,"column":7},"end":{"line":184,"column":1}},"loc":{"start":{"line":137,"column":7},"end":{"line":184,"column":1}},"line":137}},"f":{"0":16,"1":67,"2":16,"3":2,"4":17,"5":18,"6":21}}
,"/Users/prashant.bangar/Work/tools/schema-explorer-vscode/src/modelResolver.ts": {"path":"/Users/prashant.bangar/Work/tools/schema-explorer-vscode/src/modelResolver.ts","all":false,"statementMap":{"0":{"start":{"line":1,"column":0},"end":{"line":1,"column":29}},"1":{"start":{"line":2,"column":0},"end":{"line":2,"column":33}},"2":{"start":{"line":3,"column":0},"end":{"line":3,"column":0}},"3":{"start":{"line":4,"column":0},"end":{"line":4,"column":49}},"4":{"start":{"line":5,"column":0},"end":{"line":5,"column":38}},"5":{"start":{"line":6,"column":0},"end":{"line":6,"column":31}},"6":{"start":{"line":7,"column":0},"end":{"line":7,"column":82}},"7":{"start":{"line":8,"column":0},"end":{"line":8,"column":80}},"8":{"start":{"line":9,"column":0},"end":{"line":9,"column":86}},"9":{"start":{"line":10,"column":0},"end":{"line":10,"column":82}},"10":{"start":{"line":11,"column":0},"end":{"line":11,"column":65}},"11":{"start":{"line":12,"column":0},"end":{"line":12,"column":3}},"12":{"start":{"line":13,"column":0},"end":{"line":13,"column":0}},"13":{"start":{"line":14,"column":0},"end":{"line":14,"column":28}},"14":{"start":{"line":15,"column":0},"end":{"line":15,"column":20}},"15":{"start":{"line":16,"column":0},"end":{"line":16,"column":20}},"16":{"start":{"line":17,"column":0},"end":{"line":17,"column":19}},"17":{"start":{"line":18,"column":0},"end":{"line":18,"column":1}},"18":{"start":{"line":19,"column":0},"end":{"line":19,"column":0}},"19":{"start":{"line":20,"column":0},"end":{"line":20,"column":78}},"20":{"start":{"line":21,"column":0},"end":{"line":21,"column":61}},"21":{"start":{"line":22,"column":0},"end":{"line":22,"column":40}},"22":{"start":{"line":23,"column":0},"end":{"line":23,"column":17}},"23":{"start":{"line":24,"column":0},"end":{"line":24,"column":3}},"24":{"start":{"line":25,"column":0},"end":{"line":25,"column":48}},"25":{"start":{"line":26,"column":0},"end":{"line":26,"column":1}},"26":{"start":{"line":27,"column":0},"end":{"line":27,"column":0}},"27":{"start":{"line":28,"column":0},"end":{"line":28,"column":43}},"28":{"start":{"line":29,"column":0},"end":{"line":29,"column":14}},"29":{"start":{"line":30,"column":0},"end":{"line":30,"column":24}},"30":{"start":{"line":31,"column":0},"end":{"line":31,"column":46}},"31":{"start":{"line":32,"column":0},"end":{"line":32,"column":43}},"32":{"start":{"line":33,"column":0},"end":{"line":33,"column":24}},"33":{"start":{"line":34,"column":0},"end":{"line":34,"column":19}},"34":{"start":{"line":35,"column":0},"end":{"line":35,"column":1}},"35":{"start":{"line":36,"column":0},"end":{"line":36,"column":0}},"36":{"start":{"line":37,"column":0},"end":{"line":37,"column":42}},"37":{"start":{"line":38,"column":0},"end":{"line":38,"column":30}},"38":{"start":{"line":39,"column":0},"end":{"line":39,"column":46}},"39":{"start":{"line":40,"column":0},"end":{"line":40,"column":3}},"40":{"start":{"line":41,"column":0},"end":{"line":41,"column":33}},"41":{"start":{"line":42,"column":0},"end":{"line":42,"column":37}},"42":{"start":{"line":43,"column":0},"end":{"line":43,"column":3}},"43":{"start":{"line":44,"column":0},"end":{"line":44,"column":37}},"44":{"start":{"line":45,"column":0},"end":{"line":45,"column":23}},"45":{"start":{"line":46,"column":0},"end":{"line":46,"column":3}},"46":{"start":{"line":47,"column":0},"end":{"line":47,"column":27}},"47":{"start":{"line":48,"column":0},"end":{"line":48,"column":40}},"48":{"start":{"line":49,"column":0},"end":{"line":49,"column":3}},"49":{"start":{"line":50,"column":0},"end":{"line":50,"column":27}},"50":{"start":{"line":51,"column":0},"end":{"line":51,"column":23}},"51":{"start":{"line":52,"column":0},"end":{"line":52,"column":3}},"52":{"start":{"line":53,"column":0},"end":{"line":53,"column":20}},"53":{"start":{"line":54,"column":0},"end":{"line":54,"column":1}},"54":{"start":{"line":55,"column":0},"end":{"line":55,"column":0}},"55":{"start":{"line":56,"column":0},"end":{"line":56,"column":54}},"56":{"start":{"line":57,"column":0},"end":{"line":57,"column":54}},"57":{"start":{"line":58,"column":0},"end":{"line":58,"column":27}},"58":{"start":{"line":59,"column":0},"end":{"line":59,"column":14}},"59":{"start":{"line":60,"column":0},"end":{"line":60,"column":3}},"60":{"start":{"line":61,"column":0},"end":{"line":61,"column":39}},"61":{"start":{"line":62,"column":0},"end":{"line":62,"column":61}},"62":{"start":{"line":63,"column":0},"end":{"line":63,"column":47}},"63":{"start":{"line":64,"column":0},"end":{"line":64,"column":72}},"64":{"start":{"line":65,"column":0},"end":{"line":65,"column":1}},"65":{"start":{"line":66,"column":0},"end":{"line":66,"column":0}},"66":{"start":{"line":67,"column":0},"end":{"line":67,"column":58}},"67":{"start":{"line":68,"column":0},"end":{"line":68,"column":69}},"68":{"start":{"line":69,"column":0},"end":{"line":69,"column":13}},"69":{"start":{"line":70,"column":0},"end":{"line":70,"column":14}},"70":{"start":{"line":71,"column":0},"end":{"line":71,"column":3}},"71":{"start":{"line":72,"column":0},"end":{"line":72,"column":12}},"72":{"start":{"line":73,"column":0},"end":{"line":73,"column":15}},"73":{"start":{"line":74,"column":0},"end":{"line":74,"column":21}},"74":{"start":{"line":75,"column":0},"end":{"line":75,"column":13}},"75":{"start":{"line":76,"column":0},"end":{"line":76,"column":19}},"76":{"start":{"line":77,"column":0},"end":{"line":77,"column":68}},"77":{"start":{"line":78,"column":0},"end":{"line":78,"column":17}},"78":{"start":{"line":79,"column":0},"end":{"line":79,"column":5}},"79":{"start":{"line":80,"column":0},"end":{"line":80,"column":16}},"80":{"start":{"line":81,"column":0},"end":{"line":81,"column":1}},"81":{"start":{"line":82,"column":0},"end":{"line":82,"column":0}},"82":{"start":{"line":83,"column":0},"end":{"line":83,"column":54}},"83":{"start":{"line":84,"column":0},"end":{"line":84,"column":61}},"84":{"start":{"line":85,"column":0},"end":{"line":85,"column":33}},"85":{"start":{"line":86,"column":0},"end":{"line":86,"column":1}},"86":{"start":{"line":87,"column":0},"end":{"line":87,"column":0}},"87":{"start":{"line":88,"column":0},"end":{"line":88,"column":62}},"88":{"start":{"line":89,"column":0},"end":{"line":89,"column":70}},"89":{"start":{"line":90,"column":0},"end":{"line":90,"column":33}},"90":{"start":{"line":91,"column":0},"end":{"line":91,"column":1}},"91":{"start":{"line":92,"column":0},"end":{"line":92,"column":0}},"92":{"start":{"line":93,"column":0},"end":{"line":93,"column":53}},"93":{"start":{"line":94,"column":0},"end":{"line":94,"column":16}},"94":{"start":{"line":95,"column":0},"end":{"line":95,"column":15}},"95":{"start":{"line":96,"column":0},"end":{"line":96,"column":20}},"96":{"start":{"line":97,"column":0},"end":{"line":97,"column":64}},"97":{"start":{"line":98,"column":0},"end":{"line":98,"column":14}},"98":{"start":{"line":99,"column":0},"end":{"line":99,"column":1}},"99":{"start":{"line":100,"column":0},"end":{"line":100,"column":0}},"100":{"start":{"line":101,"column":0},"end":{"line":101,"column":44}},"101":{"start":{"line":102,"column":0},"end":{"line":102,"column":30}},"102":{"start":{"line":103,"column":0},"end":{"line":103,"column":46}},"103":{"start":{"line":104,"column":0},"end":{"line":104,"column":3}},"104":{"start":{"line":105,"column":0},"end":{"line":105,"column":27}},"105":{"start":{"line":106,"column":0},"end":{"line":106,"column":38}},"106":{"start":{"line":107,"column":0},"end":{"line":107,"column":3}},"107":{"start":{"line":108,"column":0},"end":{"line":108,"column":27}},"108":{"start":{"line":109,"column":0},"end":{"line":109,"column":35}},"109":{"start":{"line":110,"column":0},"end":{"line":110,"column":3}},"110":{"start":{"line":111,"column":0},"end":{"line":111,"column":70}},"111":{"start":{"line":112,"column":0},"end":{"line":112,"column":36}},"112":{"start":{"line":113,"column":0},"end":{"line":113,"column":3}},"113":{"start":{"line":114,"column":0},"end":{"line":114,"column":51}},"114":{"start":{"line":115,"column":0},"end":{"line":115,"column":29}},"115":{"start":{"line":116,"column":0},"end":{"line":116,"column":3}},"116":{"start":{"line":117,"column":0},"end":{"line":117,"column":14}},"117":{"start":{"line":118,"column":0},"end":{"line":118,"column":1}},"118":{"start":{"line":119,"column":0},"end":{"line":119,"column":0}},"119":{"start":{"line":120,"column":0},"end":{"line":120,"column":88}},"120":{"start":{"line":121,"column":0},"end":{"line":121,"column":44}},"121":{"start":{"line":122,"column":0},"end":{"line":122,"column":23}},"122":{"start":{"line":123,"column":0},"end":{"line":123,"column":37}},"123":{"start":{"line":124,"column":0},"end":{"line":124,"column":30}},"124":{"start":{"line":125,"column":0},"end":{"line":125,"column":13}},"125":{"start":{"line":126,"column":0},"end":{"line":126,"column":61}},"126":{"start":{"line":127,"column":0},"end":{"line":127,"column":17}},"127":{"start":{"line":128,"column":0},"end":{"line":128,"column":3}},"128":{"start":{"line":129,"column":0},"end":{"line":129,"column":63}},"129":{"start":{"line":130,"column":0},"end":{"line":130,"column":68}},"130":{"start":{"line":131,"column":0},"end":{"line":131,"column":39}},"131":{"start":{"line":132,"column":0},"end":{"line":132,"column":55}},"132":{"start":{"line":133,"column":0},"end":{"line":133,"column":4}},"133":{"start":{"line":134,"column":0},"end":{"line":134,"column":30}},"134":{"start":{"line":135,"column":0},"end":{"line":135,"column":1}},"135":{"start":{"line":136,"column":0},"end":{"line":136,"column":0}},"136":{"start":{"line":137,"column":0},"end":{"line":137,"column":88}},"137":{"start":{"line":138,"column":0},"end":{"line":138,"column":41}},"138":{"start":{"line":139,"column":0},"end":{"line":139,"column":23}},"139":{"start":{"line":140,"column":0},"end":{"line":140,"column":37}},"140":{"start":{"line":141,"column":0},"end":{"line":141,"column":13}},"141":{"start":{"line":142,"column":0},"end":{"line":142,"column":27}},"142":{"start":{"line":143,"column":0},"end":{"line":143,"column":1}},"143":{"start":{"line":144,"column":0},"end":{"line":144,"column":0}},"144":{"start":{"line":145,"column":0},"end":{"line":145,"column":84}},"145":{"start":{"line":146,"column":0},"end":{"line":146,"column":35}},"146":{"start":{"line":147,"column":0},"end":{"line":147,"column":20}},"147":{"start":{"line":148,"column":0},"end":{"line":148,"column":22}},"148":{"start":{"line":149,"column":0},"end":{"line":149,"column":19}},"149":{"start":{"line":150,"column":0},"end":{"line":150,"column":45}},"150":{"start":{"line":151,"column":0},"end":{"line":151,"column":56}},"151":{"start":{"line":152,"column":0},"end":{"line":152,"column":30}},"152":{"start":{"line":153,"column":0},"end":{"line":153,"column":12}},"153":{"start":{"line":154,"column":0},"end":{"line":154,"column":82}},"154":{"start":{"line":155,"column":0},"end":{"line":155,"column":37}},"155":{"start":{"line":156,"column":0},"end":{"line":156,"column":6}},"156":{"start":{"line":157,"column":0},"end":{"line":157,"column":3}},"157":{"start":{"line":158,"column":0},"end":{"line":158,"column":0}},"158":{"start":{"line":159,"column":0},"end":{"line":159,"column":42}},"159":{"start":{"line":160,"column":0},"end":{"line":160,"column":39}},"160":{"start":{"line":161,"column":0},"end":{"line":161,"column":96}},"161":{"start":{"line":162,"column":0},"end":{"line":162,"column":44}},"162":{"start":{"line":163,"column":0},"end":{"line":163,"column":12}},"163":{"start":{"line":164,"column":0},"end":{"line":164,"column":75}},"164":{"start":{"line":165,"column":0},"end":{"line":165,"column":45}},"165":{"start":{"line":166,"column":0},"end":{"line":166,"column":6}},"166":{"start":{"line":167,"column":0},"end":{"line":167,"column":3}},"167":{"start":{"line":168,"column":0},"end":{"line":168,"column":0}},"168":{"start":{"line":169,"column":0},"end":{"line":169,"column":49}},"169":{"start":{"line":170,"column":0},"end":{"line":170,"column":44}},"170":{"start":{"line":171,"column":0},"end":{"line":171,"column":46}},"171":{"start":{"line":172,"column":0},"end":{"line":172,"column":89}},"172":{"start":{"line":173,"column":0},"end":{"line":173,"column":55}},"173":{"start":{"line":174,"column":0},"end":{"line":174,"column":46}},"174":{"start":{"line":175,"column":0},"end":{"line":175,"column":64}},"175":{"start":{"line":176,"column":0},"end":{"line":176,"column":30}},"176":{"start":{"line":177,"column":0},"end":{"line":177,"column":81}},"177":{"start":{"line":178,"column":0},"end":{"line":178,"column":34}},"178":{"start":{"line":179,"column":0},"end":{"line":179,"column":1}},"179":{"start":{"line":180,"column":0},"end":{"line":180,"column":0}},"180":{"start":{"line":181,"column":0},"end":{"line":181,"column":41}},"181":{"start":{"line":182,"column":0},"end":{"line":182,"column":31}},"182":{"start":{"line":183,"column":0},"end":{"line":183,"column":21}},"183":{"start":{"line":184,"column":0},"end":{"line":184,"column":40}},"184":{"start":{"line":185,"column":0},"end":{"line":185,"column":16}},"185":{"start":{"line":186,"column":0},"end":{"line":186,"column":3}},"186":{"start":{"line":187,"column":0},"end":{"line":187,"column":0}},"187":{"start":{"line":188,"column":0},"end":{"line":188,"column":34}},"188":{"start":{"line":189,"column":0},"end":{"line":189,"column":19}},"189":{"start":{"line":190,"column":0},"end":{"line":190,"column":71}},"190":{"start":{"line":191,"column":0},"end":{"line":191,"column":19}},"191":{"start":{"line":192,"column":0},"end":{"line":192,"column":16}},"192":{"start":{"line":193,"column":0},"end":{"line":193,"column":3}},"193":{"start":{"line":194,"column":0},"end":{"line":194,"column":0}},"194":{"start":{"line":195,"column":0},"end":{"line":195,"column":80}},"195":{"start":{"line":196,"column":0},"end":{"line":196,"column":10}},"196":{"start":{"line":197,"column":0},"end":{"line":197,"column":25}},"197":{"start":{"line":198,"column":0},"end":{"line":198,"column":14}},"198":{"start":{"line":199,"column":0},"end":{"line":199,"column":34}},"199":{"start":{"line":200,"column":0},"end":{"line":200,"column":4}},"200":{"start":{"line":201,"column":0},"end":{"line":201,"column":1}},"201":{"start":{"line":202,"column":0},"end":{"line":202,"column":0}},"202":{"start":{"line":203,"column":0},"end":{"line":203,"column":31}},"203":{"start":{"line":204,"column":0},"end":{"line":204,"column":32}},"204":{"start":{"line":205,"column":0},"end":{"line":205,"column":28}},"205":{"start":{"line":206,"column":0},"end":{"line":206,"column":27}},"206":{"start":{"line":207,"column":0},"end":{"line":207,"column":23}},"207":{"start":{"line":208,"column":0},"end":{"line":208,"column":51}},"208":{"start":{"line":209,"column":0},"end":{"line":209,"column":0}},"209":{"start":{"line":210,"column":0},"end":{"line":210,"column":19}},"210":{"start":{"line":211,"column":0},"end":{"line":211,"column":69}},"211":{"start":{"line":212,"column":0},"end":{"line":212,"column":46}},"212":{"start":{"line":213,"column":0},"end":{"line":213,"column":18}},"213":{"start":{"line":214,"column":0},"end":{"line":214,"column":45}},"214":{"start":{"line":215,"column":0},"end":{"line":215,"column":61}},"215":{"start":{"line":216,"column":0},"end":{"line":216,"column":18}},"216":{"start":{"line":217,"column":0},"end":{"line":217,"column":5}},"217":{"start":{"line":218,"column":0},"end":{"line":218,"column":3}},"218":{"start":{"line":219,"column":0},"end":{"line":219,"column":0}},"219":{"start":{"line":220,"column":0},"end":{"line":220,"column":64}},"220":{"start":{"line":221,"column":0},"end":{"line":221,"column":34}},"221":{"start":{"line":222,"column":0},"end":{"line":222,"column":30}},"222":{"start":{"line":223,"column":0},"end":{"line":223,"column":33}},"223":{"start":{"line":224,"column":0},"end":{"line":224,"column":36}},"224":{"start":{"line":225,"column":0},"end":{"line":225,"column":80}},"225":{"start":{"line":226,"column":0},"end":{"line":226,"column":20}},"226":{"start":{"line":227,"column":0},"end":{"line":227,"column":7}},"227":{"start":{"line":228,"column":0},"end":{"line":228,"column":5}},"228":{"start":{"line":229,"column":0},"end":{"line":229,"column":3}},"229":{"start":{"line":230,"column":0},"end":{"line":230,"column":0}},"230":{"start":{"line":231,"column":0},"end":{"line":231,"column":19}},"231":{"start":{"line":232,"column":0},"end":{"line":232,"column":1}},"232":{"start":{"line":233,"column":0},"end":{"line":233,"column":0}},"233":{"start":{"line":234,"column":0},"end":{"line":234,"column":69}},"234":{"start":{"line":235,"column":0},"end":{"line":235,"column":50}},"235":{"start":{"line":236,"column":0},"end":{"line":236,"column":48}},"236":{"start":{"line":237,"column":0},"end":{"line":237,"column":20}},"237":{"start":{"line":238,"column":0},"end":{"line":238,"column":1}},"238":{"start":{"line":239,"column":0},"end":{"line":239,"column":0}},"239":{"start":{"line":240,"column":0},"end":{"line":240,"column":79}},"240":{"start":{"line":241,"column":0},"end":{"line":241,"column":51}},"241":{"start":{"line":242,"column":0},"end":{"line":242,"column":60}},"242":{"start":{"line":243,"column":0},"end":{"line":243,"column":0}},"243":{"start":{"line":244,"column":0},"end":{"line":244,"column":18}},"244":{"start":{"line":245,"column":0},"end":{"line":245,"column":48}},"245":{"start":{"line":246,"column":0},"end":{"line":246,"column":3}},"246":{"start":{"line":247,"column":0},"end":{"line":247,"column":0}},"247":{"start":{"line":248,"column":0},"end":{"line":248,"column":44}},"248":{"start":{"line":249,"column":0},"end":{"line":249,"column":37}},"249":{"start":{"line":250,"column":0},"end":{"line":250,"column":54}},"250":{"start":{"line":251,"column":0},"end":{"line":251,"column":17}},"251":{"start":{"line":252,"column":0},"end":{"line":252,"column":3}},"252":{"start":{"line":253,"column":0},"end":{"line":253,"column":0}},"253":{"start":{"line":254,"column":0},"end":{"line":254,"column":36}},"254":{"start":{"line":255,"column":0},"end":{"line":255,"column":42}},"255":{"start":{"line":256,"column":0},"end":{"line":256,"column":17}},"256":{"start":{"line":257,"column":0},"end":{"line":257,"column":74}},"257":{"start":{"line":258,"column":0},"end":{"line":258,"column":40}},"258":{"start":{"line":259,"column":0},"end":{"line":259,"column":12}},"259":{"start":{"line":260,"column":0},"end":{"line":260,"column":5}},"260":{"start":{"line":261,"column":0},"end":{"line":261,"column":13}},"261":{"start":{"line":262,"column":0},"end":{"line":262,"column":3}},"262":{"start":{"line":263,"column":0},"end":{"line":263,"column":22}},"263":{"start":{"line":264,"column":0},"end":{"line":264,"column":28}},"264":{"start":{"line":265,"column":0},"end":{"line":265,"column":0}},"265":{"start":{"line":266,"column":0},"end":{"line":266,"column":15}},"266":{"start":{"line":267,"column":0},"end":{"line":267,"column":1}}},"s":{"0":1,"1":1,"2":1,"3":1,"4":1,"5":1,"6":1,"7":1,"8":1,"9":1,"10":1,"11":1,"12":1,"13":1,"14":1,"15":1,"16":1,"17":1,"18":1,"19":24,"20":24,"21":24,"22":1,"23":1,"24":23,"25":23,"26":1,"27":21,"28":21,"29":21,"30":21,"31":21,"32":21,"33":21,"34":21,"35":1,"36":20,"37":20,"38":0,"39":0,"40":20,"41":0,"42":0,"43":20,"44":0,"45":0,"46":20,"47":0,"48":0,"49":20,"50":0,"51":0,"52":20,"53":20,"54":1,"55":20,"56":20,"57":20,"58":0,"59":0,"60":20,"61":20,"62":20,"63":20,"64":20,"65":1,"66":1,"67":1,"68":1,"69":0,"70":0,"71":1,"72":1,"73":1,"74":2,"75":2,"76":2,"77":2,"78":1,"79":1,"80":1,"81":1,"82":21,"83":21,"84":21,"85":21,"86":1,"87":21,"88":21,"89":21,"90":21,"91":1,"92":14,"93":14,"94":14,"95":14,"96":14,"97":14,"98":14,"99":1,"100":14,"101":14,"102":0,"103":0,"104":14,"105":0,"106":0,"107":14,"108":2,"109":2,"110":14,"111":0,"112":0,"113":14,"114":12,"115":12,"116":0,"117":0,"118":1,"119":1,"120":14,"121":14,"122":14,"123":14,"124":14,"125":14,"126":10,"127":10,"128":4,"129":4,"130":4,"131":4,"132":4,"133":4,"134":4,"135":1,"136":1,"137":13,"138":13,"139":13,"140":13,"141":13,"142":13,"143":1,"144":1,"145":15,"146":15,"147":15,"148":15,"149":15,"150":15,"151":15,"152":1,"153":1,"154":1,"155":1,"156":1,"157":14,"158":15,"159":3,"160":3,"161":3,"162":3,"163":3,"164":3,"165":3,"166":3,"167":11,"168":11,"169":11,"170":11,"171":11,"172":11,"173":11,"174":11,"175":11,"176":11,"177":11,"178":11,"179":1,"180":22,"181":22,"182":22,"183":22,"184":1,"185":1,"186":21,"187":21,"188":21,"189":22,"190":22,"191":0,"192":0,"193":21,"194":22,"195":22,"196":22,"197":22,"198":22,"199":22,"200":22,"201":1,"202":4,"203":4,"204":4,"205":4,"206":4,"207":4,"208":4,"209":4,"210":4,"211":4,"212":4,"213":3,"214":3,"215":0,"216":0,"217":3,"218":4,"219":4,"220":4,"221":2,"222":2,"223":1,"224":1,"225":1,"226":1,"227":1,"228":2,"229":3,"230":3,"231":3,"232":1,"233":3,"234":3,"235":3,"236":3,"237":3,"238":1,"239":6,"240":6,"241":6,"242":6,"243":6,"244":4,"245":4,"246":2,"247":2,"248":2,"249":6,"250":0,"251":0,"252":2,"253":2,"254":2,"255":2,"256":2,"257":6,"258":2,"259":2,"260":4,"261":4,"262":2,"263":2,"264":2,"265":2,"266":2},"branchMap":{"0":{"type":"branch","line":20,"loc":{"start":{"line":20,"column":0},"end":{"line":26,"column":1}},"locations":[{"start":{"line":20,"column":0},"end":{"line":26,"column":1}}]},"1":{"type":"branch","line":22,"loc":{"start":{"line":22,"column":39},"end":{"line":24,"column":3}},"locations":[{"start":{"line":22,"column":39},"end":{"line":24,"column":3}}]},"2":{"type":"branch","line":25,"loc":{"start":{"line":25,"column":-1},"end":{"line":26,"column":1}},"locations":[{"start":{"line":25,"column":-1},"end":{"line":26,"column":1}}]},"3":{"type":"branch","line":28,"loc":{"start":{"line":28,"column":0},"end":{"line":35,"column":1}},"locations":[{"start":{"line":28,"column":0},"end":{"line":35,"column":1}}]},"4":{"type":"branch","line":37,"loc":{"start":{"line":37,"column":0},"end":{"line":54,"column":1}},"locations":[{"start":{"line":37,"column":0},"end":{"line":54,"column":1}}]},"5":{"type":"branch","line":38,"loc":{"start":{"line":38,"column":29},"end":{"line":40,"column":3}},"locations":[{"start":{"line":38,"column":29},"end":{"line":40,"column":3}}]},"6":{"type":"branch","line":41,"loc":{"start":{"line":41,"column":32},"end":{"line":43,"column":3}},"locations":[{"start":{"line":41,"column":32},"end":{"line":43,"column":3}}]},"7":{"type":"branch","line":44,"loc":{"start":{"line":44,"column":36},"end":{"line":46,"column":3}},"locations":[{"start":{"line":44,"column":36},"end":{"line":46,"column":3}}]},"8":{"type":"branch","line":47,"loc":{"start":{"line":47,"column":26},"end":{"line":49,"column":3}},"locations":[{"start":{"line":47,"column":26},"end":{"line":49,"column":3}}]},"9":{"type":"branch","line":50,"loc":{"start":{"line":50,"column":26},"end":{"line":52,"column":3}},"locations":[{"start":{"line":50,"column":26},"end":{"line":52,"column":3}}]},"10":{"type":"branch","line":56,"loc":{"start":{"line":56,"column":0},"end":{"line":65,"column":1}},"locations":[{"start":{"line":56,"column":0},"end":{"line":65,"column":1}}]},"11":{"type":"branch","line":58,"loc":{"start":{"line":58,"column":26},"end":{"line":60,"column":3}},"locations":[{"start":{"line":58,"column":26},"end":{"line":60,"column":3}}]},"12":{"type":"branch","line":64,"loc":{"start":{"line":64,"column":23},"end":{"line":64,"column":59}},"locations":[{"start":{"line":64,"column":23},"end":{"line":64,"column":59}}]},"13":{"type":"branch","line":64,"loc":{"start":{"line":64,"column":60},"end":{"line":64,"column":71}},"locations":[{"start":{"line":64,"column":60},"end":{"line":64,"column":71}}]},"14":{"type":"branch","line":62,"loc":{"start":{"line":62,"column":40},"end":{"line":62,"column":59}},"locations":[{"start":{"line":62,"column":40},"end":{"line":62,"column":59}}]},"15":{"type":"branch","line":67,"loc":{"start":{"line":67,"column":0},"end":{"line":81,"column":1}},"locations":[{"start":{"line":67,"column":0},"end":{"line":81,"column":1}}]},"16":{"type":"branch","line":69,"loc":{"start":{"line":69,"column":12},"end":{"line":71,"column":3}},"locations":[{"start":{"line":69,"column":12},"end":{"line":71,"column":3}}]},"17":{"type":"branch","line":74,"loc":{"start":{"line":74,"column":9},"end":{"line":78,"column":17}},"locations":[{"start":{"line":74,"column":9},"end":{"line":78,"column":17}}]},"18":{"type":"branch","line":77,"loc":{"start":{"line":77,"column":13},"end":{"line":77,"column":67}},"locations":[{"start":{"line":77,"column":13},"end":{"line":77,"column":67}}]},"19":{"type":"branch","line":83,"loc":{"start":{"line":83,"column":0},"end":{"line":86,"column":1}},"locations":[{"start":{"line":83,"column":0},"end":{"line":86,"column":1}}]},"20":{"type":"branch","line":85,"loc":{"start":{"line":85,"column":15},"end":{"line":85,"column":25}},"locations":[{"start":{"line":85,"column":15},"end":{"line":85,"column":25}}]},"21":{"type":"branch","line":85,"loc":{"start":{"line":85,"column":26},"end":{"line":85,"column":32}},"locations":[{"start":{"line":85,"column":26},"end":{"line":85,"column":32}}]},"22":{"type":"branch","line":88,"loc":{"start":{"line":88,"column":0},"end":{"line":91,"column":1}},"locations":[{"start":{"line":88,"column":0},"end":{"line":91,"column":1}}]},"23":{"type":"branch","line":90,"loc":{"start":{"line":90,"column":15},"end":{"line":90,"column":25}},"locations":[{"start":{"line":90,"column":15},"end":{"line":90,"column":25}}]},"24":{"type":"branch","line":90,"loc":{"start":{"line":90,"column":26},"end":{"line":90,"column":32}},"locations":[{"start":{"line":90,"column":26},"end":{"line":90,"column":32}}]},"25":{"type":"branch","line":93,"loc":{"start":{"line":93,"column":0},"end":{"line":99,"column":1}},"locations":[{"start":{"line":93,"column":0},"end":{"line":99,"column":1}}]},"26":{"type":"branch","line":97,"loc":{"start":{"line":97,"column":9},"end":{"line":97,"column":63}},"locations":[{"start":{"line":97,"column":9},"end":{"line":97,"column":63}}]},"27":{"type":"branch","line":101,"loc":{"start":{"line":101,"column":0},"end":{"line":118,"column":1}},"locations":[{"start":{"line":101,"column":0},"end":{"line":118,"column":1}}]},"28":{"type":"branch","line":102,"loc":{"start":{"line":102,"column":29},"end":{"line":104,"column":3}},"locations":[{"start":{"line":102,"column":29},"end":{"line":104,"column":3}}]},"29":{"type":"branch","line":105,"loc":{"start":{"line":105,"column":26},"end":{"line":107,"column":3}},"locations":[{"start":{"line":105,"column":26},"end":{"line":107,"column":3}}]},"30":{"type":"branch","line":108,"loc":{"start":{"line":108,"column":26},"end":{"line":110,"column":3}},"locations":[{"start":{"line":108,"column":26},"end":{"line":110,"column":3}}]},"31":{"type":"branch","line":111,"loc":{"start":{"line":111,"column":-1},"end":{"line":111,"column":52}},"locations":[{"start":{"line":111,"column":-1},"end":{"line":111,"column":52}}]},"32":{"type":"branch","line":111,"loc":{"start":{"line":111,"column":48},"end":{"line":111,"column":67}},"locations":[{"start":{"line":111,"column":48},"end":{"line":111,"column":67}}]},"33":{"type":"branch","line":111,"loc":{"start":{"line":111,"column":69},"end":{"line":113,"column":3}},"locations":[{"start":{"line":111,"column":69},"end":{"line":113,"column":3}}]},"34":{"type":"branch","line":114,"loc":{"start":{"line":114,"column":-1},"end":{"line":114,"column":48}},"locations":[{"start":{"line":114,"column":-1},"end":{"line":114,"column":48}}]},"35":{"type":"branch","line":114,"loc":{"start":{"line":114,"column":50},"end":{"line":116,"column":3}},"locations":[{"start":{"line":114,"column":50},"end":{"line":116,"column":3}}]},"36":{"type":"branch","line":117,"loc":{"start":{"line":117,"column":-1},"end":{"line":118,"column":1}},"locations":[{"start":{"line":117,"column":-1},"end":{"line":118,"column":1}}]},"37":{"type":"branch","line":121,"loc":{"start":{"line":121,"column":0},"end":{"line":135,"column":1}},"locations":[{"start":{"line":121,"column":0},"end":{"line":135,"column":1}}]},"38":{"type":"branch","line":126,"loc":{"start":{"line":126,"column":24},"end":{"line":126,"column":58}},"locations":[{"start":{"line":126,"column":24},"end":{"line":126,"column":58}}]},"39":{"type":"branch","line":126,"loc":{"start":{"line":126,"column":60},"end":{"line":128,"column":3}},"locations":[{"start":{"line":126,"column":60},"end":{"line":128,"column":3}}]},"40":{"type":"branch","line":129,"loc":{"start":{"line":129,"column":-1},"end":{"line":135,"column":1}},"locations":[{"start":{"line":129,"column":-1},"end":{"line":135,"column":1}}]},"41":{"type":"branch","line":130,"loc":{"start":{"line":130,"column":47},"end":{"line":130,"column":65}},"locations":[{"start":{"line":130,"column":47},"end":{"line":130,"column":65}}]},"42":{"type":"branch","line":132,"loc":{"start":{"line":132,"column":4},"end":{"line":132,"column":55}},"locations":[{"start":{"line":132,"column":4},"end":{"line":132,"column":55}}]},"43":{"type":"branch","line":132,"loc":{"start":{"line":132,"column":30},"end":{"line":132,"column":55}},"locations":[{"start":{"line":132,"column":30},"end":{"line":132,"column":55}}]},"44":{"type":"branch","line":138,"loc":{"start":{"line":138,"column":0},"end":{"line":143,"column":1}},"locations":[{"start":{"line":138,"column":0},"end":{"line":143,"column":1}}]},"45":{"type":"branch","line":146,"loc":{"start":{"line":146,"column":0},"end":{"line":179,"column":1}},"locations":[{"start":{"line":146,"column":0},"end":{"line":179,"column":1}}]},"46":{"type":"branch","line":152,"loc":{"start":{"line":152,"column":29},"end":{"line":157,"column":3}},"locations":[{"start":{"line":152,"column":29},"end":{"line":157,"column":3}}]},"47":{"type":"branch","line":158,"loc":{"start":{"line":158,"column":-1},"end":{"line":159,"column":19}},"locations":[{"start":{"line":158,"column":-1},"end":{"line":159,"column":19}}]},"48":{"type":"branch","line":159,"loc":{"start":{"line":159,"column":15},"end":{"line":159,"column":39}},"locations":[{"start":{"line":159,"column":15},"end":{"line":159,"column":39}}]},"49":{"type":"branch","line":159,"loc":{"start":{"line":159,"column":41},"end":{"line":179,"column":1}},"locations":[{"start":{"line":159,"column":41},"end":{"line":179,"column":1}}]},"50":{"type":"branch","line":159,"loc":{"start":{"line":159,"column":41},"end":{"line":167,"column":3}},"locations":[{"start":{"line":159,"column":41},"end":{"line":167,"column":3}}]},"51":{"type":"branch","line":168,"loc":{"start":{"line":168,"column":-1},"end":{"line":179,"column":1}},"locations":[{"start":{"line":168,"column":-1},"end":{"line":179,"column":1}}]},"52":{"type":"branch","line":181,"loc":{"start":{"line":181,"column":0},"end":{"line":201,"column":1}},"locations":[{"start":{"line":181,"column":0},"end":{"line":201,"column":1}}]},"53":{"type":"branch","line":184,"loc":{"start":{"line":184,"column":39},"end":{"line":186,"column":3}},"locations":[{"start":{"line":184,"column":39},"end":{"line":186,"column":3}}]},"54":{"type":"branch","line":187,"loc":{"start":{"line":187,"column":-1},"end":{"line":190,"column":28}},"locations":[{"start":{"line":187,"column":-1},"end":{"line":190,"column":28}}]},"55":{"type":"branch","line":190,"loc":{"start":{"line":190,"column":24},"end":{"line":190,"column":70}},"locations":[{"start":{"line":190,"column":24},"end":{"line":190,"column":70}}]},"56":{"type":"branch","line":191,"loc":{"start":{"line":191,"column":18},"end":{"line":193,"column":3}},"locations":[{"start":{"line":191,"column":18},"end":{"line":193,"column":3}}]},"57":{"type":"branch","line":194,"loc":{"start":{"line":194,"column":-1},"end":{"line":195,"column":79}},"locations":[{"start":{"line":194,"column":-1},"end":{"line":195,"column":79}}]},"58":{"type":"branch","line":195,"loc":{"start":{"line":195,"column":48},"end":{"line":195,"column":79}},"locations":[{"start":{"line":195,"column":48},"end":{"line":195,"column":79}}]},"59":{"type":"branch","line":203,"loc":{"start":{"line":203,"column":0},"end":{"line":232,"column":1}},"locations":[{"start":{"line":203,"column":0},"end":{"line":232,"column":1}}]},"60":{"type":"branch","line":211,"loc":{"start":{"line":211,"column":66},"end":{"line":212,"column":45}},"locations":[{"start":{"line":211,"column":66},"end":{"line":212,"column":45}}]},"61":{"type":"branch","line":213,"loc":{"start":{"line":213,"column":17},"end":{"line":218,"column":3}},"locations":[{"start":{"line":213,"column":17},"end":{"line":218,"column":3}}]},"62":{"type":"branch","line":215,"loc":{"start":{"line":215,"column":32},"end":{"line":215,"column":58}},"locations":[{"start":{"line":215,"column":32},"end":{"line":215,"column":58}}]},"63":{"type":"branch","line":215,"loc":{"start":{"line":215,"column":60},"end":{"line":217,"column":5}},"locations":[{"start":{"line":215,"column":60},"end":{"line":217,"column":5}}]},"64":{"type":"branch","line":220,"loc":{"start":{"line":220,"column":57},"end":{"line":220,"column":63}},"locations":[{"start":{"line":220,"column":57},"end":{"line":220,"column":63}}]},"65":{"type":"branch","line":221,"loc":{"start":{"line":221,"column":33},"end":{"line":229,"column":3}},"locations":[{"start":{"line":221,"column":33},"end":{"line":229,"column":3}}]},"66":{"type":"branch","line":223,"loc":{"start":{"line":223,"column":32},"end":{"line":228,"column":5}},"locations":[{"start":{"line":223,"column":32},"end":{"line":228,"column":5}}]},"67":{"type":"branch","line":230,"loc":{"start":{"line":230,"column":-1},"end":{"line":232,"column":1}},"locations":[{"start":{"line":230,"column":-1},"end":{"line":232,"column":1}}]},"68":{"type":"branch","line":234,"loc":{"start":{"line":234,"column":0},"end":{"line":238,"column":1}},"locations":[{"start":{"line":234,"column":0},"end":{"line":238,"column":1}}]},"69":{"type":"branch","line":237,"loc":{"start":{"line":237,"column":14},"end":{"line":237,"column":19}},"locations":[{"start":{"line":237,"column":14},"end":{"line":237,"column":19}}]},"70":{"type":"branch","line":240,"loc":{"start":{"line":240,"column":0},"end":{"line":267,"column":1}},"locations":[{"start":{"line":240,"column":0},"end":{"line":267,"column":1}}]},"71":{"type":"branch","line":242,"loc":{"start":{"line":242,"column":51},"end":{"line":242,"column":54}},"locations":[{"start":{"line":242,"column":51},"end":{"line":242,"column":54}}]},"72":{"type":"branch","line":242,"loc":{"start":{"line":242,"column":55},"end":{"line":242,"column":59}},"locations":[{"start":{"line":242,"column":55},"end":{"line":242,"column":59}}]},"73":{"type":"branch","line":244,"loc":{"start":{"line":244,"column":17},"end":{"line":246,"column":3}},"locations":[{"start":{"line":244,"column":17},"end":{"line":246,"column":3}}]},"74":{"type":"branch","line":247,"loc":{"start":{"line":247,"column":-1},"end":{"line":250,"column":51}},"locations":[{"start":{"line":247,"column":-1},"end":{"line":250,"column":51}}]},"75":{"type":"branch","line":250,"loc":{"start":{"line":250,"column":12},"end":{"line":250,"column":51}},"locations":[{"start":{"line":250,"column":12},"end":{"line":250,"column":51}}]},"76":{"type":"branch","line":250,"loc":{"start":{"line":250,"column":53},"end":{"line":267,"column":1}},"locations":[{"start":{"line":250,"column":53},"end":{"line":267,"column":1}}]},"77":{"type":"branch","line":250,"loc":{"start":{"line":250,"column":53},"end":{"line":252,"column":3}},"locations":[{"start":{"line":250,"column":53},"end":{"line":252,"column":3}}]},"78":{"type":"branch","line":257,"loc":{"start":{"line":257,"column":73},"end":{"line":262,"column":3}},"locations":[{"start":{"line":257,"column":73},"end":{"line":262,"column":3}}]},"79":{"type":"branch","line":258,"loc":{"start":{"line":258,"column":39},"end":{"line":260,"column":5}},"locations":[{"start":{"line":258,"column":39},"end":{"line":260,"column":5}}]},"80":{"type":"branch","line":261,"loc":{"start":{"line":261,"column":-1},"end":{"line":262,"column":3}},"locations":[{"start":{"line":261,"column":-1},"end":{"line":262,"column":3}}]}},"b":{"0":[24],"1":[1],"2":[23],"3":[21],"4":[20],"5":[0],"6":[0],"7":[0],"8":[0],"9":[0],"10":[20],"11":[0],"12":[1],"13":[19],"14":[1],"15":[1],"16":[0],"17":[2],"18":[3],"19":[21],"20":[20],"21":[1],"22":[21],"23":[1],"24":[20],"25":[14],"26":[17],"27":[14],"28":[0],"29":[0],"30":[2],"31":[12],"32":[0],"33":[0],"34":[12],"35":[12],"36":[0],"37":[14],"38":[4],"39":[10],"40":[4],"41":[8],"42":[10],"43":[2],"44":[13],"45":[15],"46":[1],"47":[14],"48":[3],"49":[13],"50":[3],"51":[11],"52":[22],"53":[1],"54":[21],"55":[1],"56":[0],"57":[21],"58":[20],"59":[4],"60":[1],"61":[3],"62":[2],"63":[0],"64":[2],"65":[2],"66":[1],"67":[3],"68":[3],"69":[1],"70":[6],"71":[4],"72":[2],"73":[4],"74":[2],"75":[0],"76":[2],"77":[0],"78":[6],"79":[2],"80":[4]},"fnMap":{"0":{"name":"isRailsModelDocument","decl":{"start":{"line":20,"column":0},"end":{"line":26,"column":1}},"loc":{"start":{"line":20,"column":0},"end":{"line":26,"column":1}},"line":20},"1":{"name":"snakeCase","decl":{"start":{"line":28,"column":0},"end":{"line":35,"column":1}},"loc":{"start":{"line":28,"column":0},"end":{"line":35,"column":1}},"line":28},"2":{"name":"pluralize","decl":{"start":{"line":37,"column":0},"end":{"line":54,"column":1}},"loc":{"start":{"line":37,"column":0},"end":{"line":54,"column":1}},"line":37},"3":{"name":"classNameToTable","decl":{"start":{"line":56,"column":0},"end":{"line":65,"column":1}},"loc":{"start":{"line":56,"column":0},"end":{"line":65,"column":1}},"line":56},"4":{"name":"classNameFromFilename","decl":{"start":{"line":67,"column":0},"end":{"line":81,"column":1}},"loc":{"start":{"line":67,"column":0},"end":{"line":81,"column":1}},"line":67},"5":{"name":"parseClassName","decl":{"start":{"line":83,"column":0},"end":{"line":86,"column":1}},"loc":{"start":{"line":83,"column":0},"end":{"line":86,"column":1}},"line":83},"6":{"name":"parseTableNameOverride","decl":{"start":{"line":88,"column":0},"end":{"line":91,"column":1}},"loc":{"start":{"line":88,"column":0},"end":{"line":91,"column":1}},"line":88},"7":{"name":"capitalizeSegment","decl":{"start":{"line":93,"column":0},"end":{"line":99,"column":1}},"loc":{"start":{"line":93,"column":0},"end":{"line":99,"column":1}},"line":93},"8":{"name":"singularize","decl":{"start":{"line":101,"column":0},"end":{"line":118,"column":1}},"loc":{"start":{"line":101,"column":0},"end":{"line":118,"column":1}},"line":101},"9":{"name":"isImplicitJoinTable","decl":{"start":{"line":121,"column":0},"end":{"line":135,"column":1}},"loc":{"start":{"line":121,"column":0},"end":{"line":135,"column":1}},"line":121},"10":{"name":"isJoinStyleTable","decl":{"start":{"line":138,"column":0},"end":{"line":143,"column":1}},"loc":{"start":{"line":138,"column":0},"end":{"line":143,"column":1}},"line":138},"11":{"name":"guessModelForTable","decl":{"start":{"line":146,"column":0},"end":{"line":179,"column":1}},"loc":{"start":{"line":146,"column":0},"end":{"line":179,"column":1}},"line":146},"12":{"name":"resolveModelFromDocument","decl":{"sta
[...]
,"/Users/prashant.bangar/Work/tools/schema-explorer-vscode/src/statusBar.ts": {"path":"/Users/prashant.bangar/Work/tools/schema-explorer-vscode/src/statusBar.ts","all":false,"statementMap":{"0":{"start":{"line":1,"column":0},"end":{"line":1,"column":33}},"1":{"start":{"line":2,"column":0},"end":{"line":2,"column":44}},"2":{"start":{"line":3,"column":0},"end":{"line":3,"column":0}},"3":{"start":{"line":4,"column":0},"end":{"line":4,"column":30}},"4":{"start":{"line":5,"column":0},"end":{"line":5,"column":46}},"5":{"start":{"line":6,"column":0},"end":{"line":6,"column":0}},"6":{"start":{"line":7,"column":0},"end":{"line":7,"column":17}},"7":{"start":{"line":8,"column":0},"end":{"line":8,"column":86}},"8":{"start":{"line":9,"column":0},"end":{"line":9,"column":46}},"9":{"start":{"line":10,"column":0},"end":{"line":10,"column":53}},"10":{"start":{"line":11,"column":0},"end":{"line":11,"column":3}},"11":{"start":{"line":12,"column":0},"end":{"line":12,"column":0}},"12":{"start":{"line":13,"column":0},"end":{"line":13,"column":38}},"13":{"start":{"line":14,"column":0},"end":{"line":14,"column":40}},"14":{"start":{"line":15,"column":0},"end":{"line":15,"column":23}},"15":{"start":{"line":16,"column":0},"end":{"line":16,"column":13}},"16":{"start":{"line":17,"column":0},"end":{"line":17,"column":5}},"17":{"start":{"line":18,"column":0},"end":{"line":18,"column":44}},"18":{"start":{"line":19,"column":0},"end":{"line":19,"column":21}},"19":{"start":{"line":20,"column":0},"end":{"line":20,"column":3}},"20":{"start":{"line":21,"column":0},"end":{"line":21,"column":0}},"21":{"start":{"line":22,"column":0},"end":{"line":22,"column":19}},"22":{"start":{"line":23,"column":0},"end":{"line":23,"column":24}},"23":{"start":{"line":24,"column":0},"end":{"line":24,"column":3}},"24":{"start":{"line":25,"column":0},"end":{"line":25,"column":1}},"25":{"start":{"line":26,"column":0},"end":{"line":26,"column":0}},"26":{"start":{"line":27,"column":0},"end":{"line":27,"column":45}},"27":{"start":{"line":28,"column":0},"end":{"line":28,"column":0}},"28":{"start":{"line":29,"column":0},"end":{"line":29,"column":55}},"29":{"start":{"line":30,"column":0},"end":{"line":30,"column":19}},"30":{"start":{"line":31,"column":0},"end":{"line":31,"column":38}},"31":{"start":{"line":32,"column":0},"end":{"line":32,"column":3}},"32":{"start":{"line":33,"column":0},"end":{"line":33,"column":19}},"33":{"start":{"line":34,"column":0},"end":{"line":34,"column":1}},"34":{"start":{"line":35,"column":0},"end":{"line":35,"column":0}},"35":{"start":{"line":36,"column":0},"end":{"line":36,"column":54}},"36":{"start":{"line":37,"column":0},"end":{"line":37,"column":19}},"37":{"start":{"line":38,"column":0},"end":{"line":38,"column":1}}},"s":{"0":1,"1":1,"2":1,"3":1,"4":1,"5":1,"6":1,"7":4,"8":4,"9":4,"10":4,"11":1,"12":1,"13":8,"14":2,"15":2,"16":2,"17":6,"18":6,"19":6,"20":1,"21":1,"22":1,"23":1,"24":1,"25":1,"26":1,"27":1,"28":11,"29":11,"30":4,"31":4,"32":11,"33":11,"34":1,"35":45,"36":45,"37":45},"branchMap":{"0":{"type":"branch","line":7,"loc":{"start":{"line":7,"column":2},"end":{"line":11,"column":3}},"locations":[{"start":{"line":7,"column":2},"end":{"line":11,"column":3}}]},"1":{"type":"branch","line":13,"loc":{"start":{"line":13,"column":2},"end":{"line":20,"column":3}},"locations":[{"start":{"line":13,"column":2},"end":{"line":20,"column":3}}]},"2":{"type":"branch","line":14,"loc":{"start":{"line":14,"column":27},"end":{"line":14,"column":37}},"locations":[{"start":{"line":14,"column":27},"end":{"line":14,"column":37}}]},"3":{"type":"branch","line":14,"loc":{"start":{"line":14,"column":39},"end":{"line":17,"column":5}},"locations":[{"start":{"line":14,"column":39},"end":{"line":17,"column":5}}]},"4":{"type":"branch","line":18,"loc":{"start":{"line":18,"column":-1},"end":{"line":20,"column":3}},"locations":[{"start":{"line":18,"column":-1},"end":{"line":20,"column":3}}]},"5":{"type":"branch","line":22,"loc":{"start":{"line":22,"column":2},"end":{"line":24,"column":3}},"locations":[{"start":{"line":22,"column":2},"end":{"line":24,"column":3}}]},"6":{"type":"branch","line":29,"loc":{"start":{"line":29,"column":0},"end":{"line":34,"column":1}},"locations":[{"start":{"line":29,"column":0},"end":{"line":34,"column":1}}]},"7":{"type":"branch","line":30,"loc":{"start":{"line":30,"column":18},"end":{"line":32,"column":3}},"locations":[{"start":{"line":30,"column":18},"end":{"line":32,"column":3}}]},"8":{"type":"branch","line":36,"loc":{"start":{"line":36,"column":0},"end":{"line":38,"column":1}},"locations":[{"start":{"line":36,"column":0},"end":{"line":38,"column":1}}]}},"b":{"0":[4],"1":[8],"2":[6],"3":[2],"4":[6],"5":[1],"6":[11],"7":[4],"8":[45]},"fnMap":{"0":{"name":"SchemaStatusBar","decl":{"start":{"line":7,"column":2},"end":{"line":11,"column":3}},"loc":{"start":{"line":7,"column":2},"end":{"line":11,"column":3}},"line":7},"1":{"name":"update","decl":{"start":{"line":13,"column":2},"end":{"line":20,"column":3}},"loc":{"start":{"line":13,"column":2},"end":{"line":20,"column":3}},"line":13},"2":{"name":"dispose","decl":{"start":{"line":22,"column":2},"end":{"line":24,"column":3}},"loc":{"start":{"line":22,"column":2},"end":{"line":24,"column":3}},"line":22},"3":{"name":"getSchemaStatusBar","decl":{"start":{"line":29,"column":0},"end":{"line":34,"column":1}},"loc":{"start":{"line":29,"column":0},"end":{"line":34,"column":1}},"line":29},"4":{"name":"resetSchemaStatusBarForTests","decl":{"start":{"line":36,"column":0},"end":{"line":38,"column":1}},"loc":{"start":{"line":36,"column":0},"end":{"line":38,"column":1}},"line":36}},"f":{"0":4,"1":8,"2":1,"3":11,"4":45}}
,"/Users/prashant.bangar/Work/tools/schema-explorer-vscode/src/switchProject.ts": {"path":"/Users/prashant.bangar/Work/tools/schema-explorer-vscode/src/switchProject.ts","all":false,"statementMap":{"0":{"start":{"line":1,"column":0},"end":{"line":1,"column":33}},"1":{"start":{"line":2,"column":0},"end":{"line":2,"column":47}},"2":{"start":{"line":3,"column":0},"end":{"line":3,"column":62}},"3":{"start":{"line":4,"column":0},"end":{"line":4,"column":60}},"4":{"start":{"line":5,"column":0},"end":{"line":5,"column":0}},"5":{"start":{"line":6,"column":0},"end":{"line":6,"column":56}},"6":{"start":{"line":7,"column":0},"end":{"line":7,"column":21}},"7":{"start":{"line":8,"column":0},"end":{"line":8,"column":25}},"8":{"start":{"line":9,"column":0},"end":{"line":9,"column":1}},"9":{"start":{"line":10,"column":0},"end":{"line":10,"column":0}},"10":{"start":{"line":11,"column":0},"end":{"line":11,"column":86}},"11":{"start":{"line":12,"column":0},"end":{"line":12,"column":40}},"12":{"start":{"line":13,"column":0},"end":{"line":13,"column":50}},"13":{"start":{"line":14,"column":0},"end":{"line":14,"column":0}},"14":{"start":{"line":15,"column":0},"end":{"line":15,"column":30}},"15":{"start":{"line":16,"column":0},"end":{"line":16,"column":96}},"16":{"start":{"line":17,"column":0},"end":{"line":17,"column":11}},"17":{"start":{"line":18,"column":0},"end":{"line":18,"column":3}},"18":{"start":{"line":19,"column":0},"end":{"line":19,"column":0}},"19":{"start":{"line":20,"column":0},"end":{"line":20,"column":42}},"20":{"start":{"line":21,"column":0},"end":{"line":21,"column":34}},"21":{"start":{"line":22,"column":0},"end":{"line":22,"column":0}},"22":{"start":{"line":23,"column":0},"end":{"line":23,"column":36}},"23":{"start":{"line":24,"column":0},"end":{"line":24,"column":5}},"24":{"start":{"line":25,"column":0},"end":{"line":25,"column":44}},"25":{"start":{"line":26,"column":0},"end":{"line":26,"column":77}},"26":{"start":{"line":27,"column":0},"end":{"line":27,"column":70}},"27":{"start":{"line":28,"column":0},"end":{"line":28,"column":22}},"28":{"start":{"line":29,"column":0},"end":{"line":29,"column":25}},"29":{"start":{"line":30,"column":0},"end":{"line":30,"column":6}},"30":{"start":{"line":31,"column":0},"end":{"line":31,"column":68}},"31":{"start":{"line":32,"column":0},"end":{"line":32,"column":75}},"32":{"start":{"line":33,"column":0},"end":{"line":33,"column":4}},"33":{"start":{"line":34,"column":0},"end":{"line":34,"column":0}},"34":{"start":{"line":35,"column":0},"end":{"line":35,"column":59}},"35":{"start":{"line":36,"column":0},"end":{"line":36,"column":42}},"36":{"start":{"line":37,"column":0},"end":{"line":37,"column":29}},"37":{"start":{"line":38,"column":0},"end":{"line":38,"column":24}},"38":{"start":{"line":39,"column":0},"end":{"line":39,"column":5}},"39":{"start":{"line":40,"column":0},"end":{"line":40,"column":0}},"40":{"start":{"line":41,"column":0},"end":{"line":41,"column":16}},"41":{"start":{"line":42,"column":0},"end":{"line":42,"column":11}},"42":{"start":{"line":43,"column":0},"end":{"line":43,"column":3}},"43":{"start":{"line":44,"column":0},"end":{"line":44,"column":0}},"44":{"start":{"line":45,"column":0},"end":{"line":45,"column":28}},"45":{"start":{"line":46,"column":0},"end":{"line":46,"column":37}},"46":{"start":{"line":47,"column":0},"end":{"line":47,"column":32}},"47":{"start":{"line":48,"column":0},"end":{"line":48,"column":45}},"48":{"start":{"line":49,"column":0},"end":{"line":49,"column":3}},"49":{"start":{"line":50,"column":0},"end":{"line":50,"column":0}},"50":{"start":{"line":51,"column":0},"end":{"line":51,"column":66}},"51":{"start":{"line":52,"column":0},"end":{"line":52,"column":1}},"52":{"start":{"line":53,"column":0},"end":{"line":53,"column":0}},"53":{"start":{"line":54,"column":0},"end":{"line":54,"column":25}},"54":{"start":{"line":55,"column":0},"end":{"line":55,"column":25}},"55":{"start":{"line":56,"column":0},"end":{"line":56,"column":18}},"56":{"start":{"line":57,"column":0},"end":{"line":57,"column":30}},"57":{"start":{"line":58,"column":0},"end":{"line":58,"column":20}},"58":{"start":{"line":59,"column":0},"end":{"line":59,"column":10}},"59":{"start":{"line":60,"column":0},"end":{"line":60,"column":24}},"60":{"start":{"line":61,"column":0},"end":{"line":61,"column":36}},"61":{"start":{"line":62,"column":0},"end":{"line":62,"column":34}},"62":{"start":{"line":63,"column":0},"end":{"line":63,"column":48}},"63":{"start":{"line":64,"column":0},"end":{"line":64,"column":26}},"64":{"start":{"line":65,"column":0},"end":{"line":65,"column":4}},"65":{"start":{"line":66,"column":0},"end":{"line":66,"column":1}}},"s":{"0":1,"1":1,"2":1,"3":1,"4":1,"5":1,"6":1,"7":1,"8":1,"9":1,"10":1,"11":4,"12":4,"13":4,"14":4,"15":1,"16":1,"17":1,"18":3,"19":3,"20":3,"21":3,"22":3,"23":3,"24":3,"25":4,"26":4,"27":4,"28":4,"29":4,"30":4,"31":4,"32":4,"33":4,"34":4,"35":4,"36":4,"37":4,"38":4,"39":3,"40":3,"41":1,"42":1,"43":2,"44":4,"45":1,"46":4,"47":1,"48":1,"49":2,"50":2,"51":2,"52":1,"53":3,"54":3,"55":3,"56":3,"57":3,"58":3,"59":3,"60":3,"61":3,"62":3,"63":3,"64":3,"65":3},"branchMap":{"0":{"type":"branch","line":11,"loc":{"start":{"line":11,"column":7},"end":{"line":52,"column":1}},"locations":[{"start":{"line":11,"column":7},"end":{"line":52,"column":1}}]},"1":{"type":"branch","line":15,"loc":{"start":{"line":15,"column":29},"end":{"line":26,"column":26}},"locations":[{"start":{"line":15,"column":29},"end":{"line":26,"column":26}}]},"2":{"type":"branch","line":15,"loc":{"start":{"line":15,"column":29},"end":{"line":18,"column":3}},"locations":[{"start":{"line":15,"column":29},"end":{"line":18,"column":3}}]},"3":{"type":"branch","line":26,"loc":{"start":{"line":26,"column":26},"end":{"line":26,"column":59}},"locations":[{"start":{"line":26,"column":26},"end":{"line":26,"column":59}}]},"4":{"type":"branch","line":26,"loc":{"start":{"line":26,"column":60},"end":{"line":26,"column":76}},"locations":[{"start":{"line":26,"column":60},"end":{"line":26,"column":76}}]},"5":{"type":"branch","line":40,"loc":{"start":{"line":40,"column":-1},"end":{"line":45,"column":27}},"locations":[{"start":{"line":40,"column":-1},"end":{"line":45,"column":27}}]},"6":{"type":"branch","line":41,"loc":{"start":{"line":41,"column":15},"end":{"line":43,"column":3}},"locations":[{"start":{"line":41,"column":15},"end":{"line":43,"column":3}}]},"7":{"type":"branch","line":44,"loc":{"start":{"line":44,"column":-1},"end":{"line":45,"column":27}},"locations":[{"start":{"line":44,"column":-1},"end":{"line":45,"column":27}}]},"8":{"type":"branch","line":45,"loc":{"start":{"line":45,"column":27},"end":{"line":47,"column":3}},"locations":[{"start":{"line":45,"column":27},"end":{"line":47,"column":3}}]},"9":{"type":"branch","line":47,"loc":{"start":{"line":47,"column":3},"end":{"line":52,"column":1}},"locations":[{"start":{"line":47,"column":3},"end":{"line":52,"column":1}}]},"10":{"type":"branch","line":47,"loc":{"start":{"line":47,"column":3},"end":{"line":49,"column":3}},"locations":[{"start":{"line":47,"column":3},"end":{"line":49,"column":3}}]},"11":{"type":"branch","line":50,"loc":{"start":{"line":50,"column":-1},"end":{"line":52,"column":1}},"locations":[{"start":{"line":50,"column":-1},"end":{"line":52,"column":1}}]},"12":{"type":"branch","line":32,"loc":{"start":{"line":32,"column":20},"end":{"line":32,"column":73}},"locations":[{"start":{"line":32,"column":20},"end":{"line":32,"column":73}}]},"13":{"type":"branch","line":54,"loc":{"start":{"line":54,"column":0},"end":{"line":66,"column":1}},"locations":[{"start":{"line":54,"column":0},"end":{"line":66,"column":1}}]},"14":{"type":"branch","line":63,"loc":{"start":{"line":63,"column":18},"end":{"line":63,"column":47}},"locations":[{"start":{"line":63,"column":18},"end":{"line":63,"column":47}}]}},"b":{"0":[4],"1":[3],"2":[1],"3":[0],"4":[3],"5":[3],"6":[1],"7":[2],"8":[1],"9":[3],"10":[1],"11":[2],"12":[3],"13":[3],"14":[0]},"fnMap":{"0":{"name":"switchProject","decl":{"start":{"line":11,"column":7},"end":{"line":52,"column":1}},"loc":{"start":{"line":11,"column":7},"end":{"line":52,"column":1}},"line":11},"1":{"name":"projectPickItem","decl":{"start":{"line":54,"column":0},"end":{"line":66,"column":1}},"loc":{"start":{"line":54,"column":0},"end":{"line":66,"column":1}},"line":54}},"f":{"0":4,"1":3}}
,"/Users/prashant.bangar/Work/tools/schema-explorer-vscode/src/workspacePath.ts": {"path":"/Users/prashant.bangar/Work/tools/schema-explorer-vscode/src/workspacePath.ts","all":false,"statementMap":{"0":{"start":{"line":1,"column":0},"end":{"line":1,"column":33}},"1":{"start":{"line":2,"column":0},"end":{"line":2,"column":8}},"2":{"start":{"line":3,"column":0},"end":{"line":3,"column":24}},"3":{"start":{"line":4,"column":0},"end":{"line":4,"column":28}},"4":{"start":{"line":5,"column":0},"end":{"line":5,"column":20}},"5":{"start":{"line":6,"column":0},"end":{"line":6,"column":29}},"6":{"start":{"line":7,"column":0},"end":{"line":7,"column":22}},"7":{"start":{"line":8,"column":0},"end":{"line":8,"column":0}},"8":{"start":{"line":9,"column":0},"end":{"line":9,"column":72}},"9":{"start":{"line":10,"column":0},"end":{"line":10,"column":0}},"10":{"start":{"line":11,"column":0},"end":{"line":11,"column":60}},"11":{"start":{"line":12,"column":0},"end":{"line":12,"column":82}},"12":{"start":{"line":13,"column":0},"end":{"line":13,"column":42}},"13":{"start":{"line":14,"column":0},"end":{"line":14,"column":1}},"14":{"start":{"line":15,"column":0},"end":{"line":15,"column":0}},"15":{"start":{"line":16,"column":0},"end":{"line":16,"column":58}},"16":{"start":{"line":17,"column":0},"end":{"line":17,"column":48}},"17":{"start":{"line":18,"column":0},"end":{"line":18,"column":74}},"18":{"start":{"line":19,"column":0},"end":{"line":19,"column":1}},"19":{"start":{"line":20,"column":0},"end":{"line":20,"column":0}},"20":{"start":{"line":21,"column":0},"end":{"line":21,"column":59}},"21":{"start":{"line":22,"column":0},"end":{"line":22,"column":48}},"22":{"start":{"line":23,"column":0},"end":{"line":23,"column":75}},"23":{"start":{"line":24,"column":0},"end":{"line":24,"column":1}}},"s":{"0":1,"1":1,"2":1,"3":1,"4":1,"5":1,"6":1,"7":1,"8":1,"9":1,"10":9,"11":9,"12":9,"13":9,"14":1,"15":4,"16":4,"17":4,"18":4,"19":1,"20":4,"21":4,"22":4,"23":4},"branchMap":{"0":{"type":"branch","line":9,"loc":{"start":{"line":9,"column":9},"end":{"line":9,"column":32}},"locations":[{"start":{"line":9,"column":9},"end":{"line":9,"column":32}}]},"1":{"type":"branch","line":9,"loc":{"start":{"line":9,"column":32},"end":{"line":9,"column":72}},"locations":[{"start":{"line":9,"column":32},"end":{"line":9,"column":72}}]},"2":{"type":"branch","line":11,"loc":{"start":{"line":11,"column":0},"end":{"line":14,"column":1}},"locations":[{"start":{"line":11,"column":0},"end":{"line":14,"column":1}}]},"3":{"type":"branch","line":12,"loc":{"start":{"line":12,"column":75},"end":{"line":12,"column":81}},"locations":[{"start":{"line":12,"column":75},"end":{"line":12,"column":81}}]},"4":{"type":"branch","line":12,"loc":{"start":{"line":12,"column":55},"end":{"line":12,"column":74}},"locations":[{"start":{"line":12,"column":55},"end":{"line":12,"column":74}}]},"5":{"type":"branch","line":16,"loc":{"start":{"line":16,"column":0},"end":{"line":19,"column":1}},"locations":[{"start":{"line":16,"column":0},"end":{"line":19,"column":1}}]},"6":{"type":"branch","line":21,"loc":{"start":{"line":21,"column":0},"end":{"line":24,"column":1}},"locations":[{"start":{"line":21,"column":0},"end":{"line":24,"column":1}}]}},"b":{"0":[3],"1":[1],"2":[9],"3":[0],"4":[9],"5":[4],"6":[4]},"fnMap":{"0":{"name":"get","decl":{"start":{"line":9,"column":9},"end":{"line":9,"column":32}},"loc":{"start":{"line":9,"column":9},"end":{"line":9,"column":32}},"line":9},"1":{"name":"get","decl":{"start":{"line":9,"column":32},"end":{"line":9,"column":72}},"loc":{"start":{"line":9,"column":32},"end":{"line":9,"column":72}},"line":9},"2":{"name":"isPathInWorkspace","decl":{"start":{"line":11,"column":0},"end":{"line":14,"column":1}},"loc":{"start":{"line":11,"column":0},"end":{"line":14,"column":1}},"line":11},"3":{"name":"isModelFilePath","decl":{"start":{"line":16,"column":0},"end":{"line":19,"column":1}},"loc":{"start":{"line":16,"column":0},"end":{"line":19,"column":1}},"line":16},"4":{"name":"isSchemaFilePath","decl":{"start":{"line":21,"column":0},"end":{"line":24,"column":1}},"loc":{"start":{"line":21,"column":0},"end":{"line":24,"column":1}},"line":21}},"f":{"0":3,"1":1,"2":9,"3":4,"4":4}}
}
